#
# There is insufficient memory for the Java Runtime Environment to continue.
# Native memory allocation (malloc) failed to allocate 663296 bytes for Chunk::new
# Possible reasons:
#   The system is out of physical RAM or swap space
#   The process is running with CompressedOops enabled, and the Java Heap may be blocking the growth of the native heap
# Possible solutions:
#   Reduce memory load on the system
#   Increase physical memory or swap space
#   Check if swap backing store is full
#   Decrease Java heap size (-Xmx/-Xms)
#   Decrease number of Java threads
#   Decrease Java thread stack sizes (-Xss)
#   Set larger code cache with -XX:ReservedCodeCacheSize=
#   JVM is running with Unscaled Compressed Oops mode in which the Java heap is
#     placed in the first 4GB address space. The Java Heap base address is the
#     maximum limit for the native heap growth. Please use -XX:HeapBaseMinAddress
#     to set the Java Heap base and to place the Java Heap above 4GB virtual address.
# This output file may be truncated or incomplete.
#
#  Out of Memory Error (./src/hotspot/share/memory/arena.cpp:197), pid=980, tid=15864
#
# JRE version: OpenJDK Runtime Environment Temurin-11.0.16.1+1 (11.0.16.1+1) (build 11.0.16.1+1)
# Java VM: OpenJDK 64-Bit Server VM Temurin-11.0.16.1+1 (11.0.16.1+1, mixed mode, tiered, compressed oops, g1 gc, windows-amd64)
# No core dump will be written. Minidumps are not enabled by default on client versions of Windows
#

---------------  S U M M A R Y ------------

Command Line: -XX:MaxMetaspaceSize=512m --add-opens=java.base/java.util=ALL-UNNAMED --add-opens=java.base/java.lang=ALL-UNNAMED --add-opens=java.base/java.lang.invoke=ALL-UNNAMED --add-opens=java.base/java.util=ALL-UNNAMED --add-opens=java.prefs/java.util.prefs=ALL-UNNAMED --add-opens=java.prefs/java.util.prefs=ALL-UNNAMED --add-opens=java.base/java.nio.charset=ALL-UNNAMED --add-opens=java.base/java.net=ALL-UNNAMED --add-opens=java.base/java.util.concurrent.atomic=ALL-UNNAMED -Xmx2048m -Dfile.encoding=windows-1252 -Duser.country=IN -Duser.language=en -Duser.variant org.gradle.launcher.daemon.bootstrap.GradleDaemon 7.5.1

Host: Intel(R) Core(TM) i5-10300H CPU @ 2.50GHz, 8 cores, 7G,  Windows 10 , 64 bit Build 19041 (10.0.19041.2251)
Time: Thu Nov 17 02:45:26 2022 India Standard Time elapsed time: 15.027079 seconds (0d 0h 0m 15s)

---------------  T H R E A D  ---------------

Current thread (0x000001c4eb77f000):  JavaThread "C2 CompilerThread0" daemon [_thread_in_native, id=15864, stack(0x00000047c0a00000,0x00000047c0b00000)]


Current CompileTask:
C2:  15027 5902   !   4       java.net.URLClassLoader::defineClass (224 bytes)

Stack: [0x00000047c0a00000,0x00000047c0b00000]
Native frames: (J=compiled Java code, j=interpreted, Vv=VM code, C=native code)
V  [jvm.dll+0x61f18a]
V  [jvm.dll+0x7abb09]
V  [jvm.dll+0x7ad1f8]
V  [jvm.dll+0x7ad8d3]
V  [jvm.dll+0x24fc38]
V  [jvm.dll+0xc262c]
V  [jvm.dll+0xc2bec]
V  [jvm.dll+0x2c1ab4]
V  [jvm.dll+0x52e12c]
V  [jvm.dll+0x2087f6]
V  [jvm.dll+0x20a5ec]
V  [jvm.dll+0x207f6b]
V  [jvm.dll+0x18a3a1]
V  [jvm.dll+0x2178e4]
V  [jvm.dll+0x215b2b]
V  [jvm.dll+0x76e610]
V  [jvm.dll+0x767544]
V  [jvm.dll+0x61dff5]
C  [ucrtbase.dll+0x21bb2]
C  [KERNEL32.DLL+0x174b4]
C  [ntdll.dll+0x526a1]


---------------  P R O C E S S  ---------------

Threads class SMR info:
_java_thread_list=0x000001c4f310f890, length=78, elements={
0x000001c4cc696000, 0x000001c4eb769800, 0x000001c4eb76b000, 0x000001c4eb778000,
0x000001c4eb77b000, 0x000001c4eb77c000, 0x000001c4eb77f000, 0x000001c4eb784800,
0x000001c4eb78f000, 0x000001c4ec23d800, 0x000001c4ee47e000, 0x000001c4ee64e800,
0x000001c4edb0f800, 0x000001c4edb10800, 0x000001c4ed0d1000, 0x000001c4eceba000,
0x000001c4ed028000, 0x000001c4ee128000, 0x000001c4ee19c800, 0x000001c4ee19f000,
0x000001c4ee686000, 0x000001c4ee688800, 0x000001c4ee68c000, 0x000001c4ee68a800,
0x000001c4ee687000, 0x000001c4ee689800, 0x000001c4ee68b000, 0x000001c4ee688000,
0x000001c4ee68c800, 0x000001c4eeb2d000, 0x000001c4eeb2e800, 0x000001c4eeb30000,
0x000001c4eeb2c000, 0x000001c4eeb2f800, 0x000001c4eeb32800, 0x000001c4eeb31000,
0x000001c4eeb32000, 0x000001c4eeb33800, 0x000001c4eeb2d800, 0x000001c4eeb35000,
0x000001c4eeb37800, 0x000001c4eeb36000, 0x000001c4eeb3a000, 0x000001c4eeb38800,
0x000001c4eeb36800, 0x000001c4eeb39000, 0x000001c4eeb34800, 0x000001c4f37de000,
0x000001c4f37df000, 0x000001c4f37e0800, 0x000001c4f37e0000, 0x000001c4f37db000,
0x000001c4f37e1800, 0x000001c4f37dc000, 0x000001c4f37e2800, 0x000001c4f37dd800,
0x000001c4f37dc800, 0x000001c4f37e3000, 0x000001c4f37e7000, 0x000001c4f37e8000,
0x000001c4f37e6800, 0x000001c4f37e9800, 0x000001c4f37e4000, 0x000001c4f37e9000,
0x000001c4f37e4800, 0x000001c4f37e5800, 0x000001c4f40a8000, 0x000001c4f40a9000,
0x000001c4f40a3000, 0x000001c4f40a5800, 0x000001c4f40a5000, 0x000001c4f40a6800,
0x000001c4f40a9800, 0x000001c4f40a4000, 0x000001c4f40aa800, 0x000001c4f40ab800,
0x000001c4f40ac000, 0x000001c4f3e08800
}

Java Threads: ( => current thread )
  0x000001c4cc696000 JavaThread "main" [_thread_blocked, id=25356, stack(0x00000047bfe00000,0x00000047bff00000)]
  0x000001c4eb769800 JavaThread "Reference Handler" daemon [_thread_blocked, id=18652, stack(0x00000047c0500000,0x00000047c0600000)]
  0x000001c4eb76b000 JavaThread "Finalizer" daemon [_thread_blocked, id=25768, stack(0x00000047c0600000,0x00000047c0700000)]
  0x000001c4eb778000 JavaThread "Signal Dispatcher" daemon [_thread_blocked, id=7300, stack(0x00000047c0700000,0x00000047c0800000)]
  0x000001c4eb77b000 JavaThread "Attach Listener" daemon [_thread_blocked, id=24392, stack(0x00000047c0800000,0x00000047c0900000)]
  0x000001c4eb77c000 JavaThread "Service Thread" daemon [_thread_blocked, id=19960, stack(0x00000047c0900000,0x00000047c0a00000)]
=>0x000001c4eb77f000 JavaThread "C2 CompilerThread0" daemon [_thread_in_native, id=15864, stack(0x00000047c0a00000,0x00000047c0b00000)]
  0x000001c4eb784800 JavaThread "C1 CompilerThread0" daemon [_thread_blocked, id=27476, stack(0x00000047c0b00000,0x00000047c0c00000)]
  0x000001c4eb78f000 JavaThread "Sweeper thread" daemon [_thread_blocked, id=26656, stack(0x00000047c0c00000,0x00000047c0d00000)]
  0x000001c4ec23d800 JavaThread "Common-Cleaner" daemon [_thread_blocked, id=22880, stack(0x00000047c0d00000,0x00000047c0e00000)]
  0x000001c4ee47e000 JavaThread "Daemon health stats" [_thread_blocked, id=11144, stack(0x00000047c1100000,0x00000047c1200000)]
  0x000001c4ee64e800 JavaThread "Incoming local TCP Connector on port 16549" [_thread_in_native, id=11348, stack(0x00000047c1200000,0x00000047c1300000)]
  0x000001c4edb0f800 JavaThread "Daemon periodic checks" [_thread_blocked, id=19476, stack(0x00000047c1300000,0x00000047c1400000)]
  0x000001c4edb10800 JavaThread "Daemon" [_thread_blocked, id=26160, stack(0x00000047c1400000,0x00000047c1500000)]
  0x000001c4ed0d1000 JavaThread "Handler for socket connection from /127.0.0.1:16549 to /127.0.0.1:16550" [_thread_in_native, id=23296, stack(0x00000047c1500000,0x00000047c1600000)]
  0x000001c4eceba000 JavaThread "Cancel handler" [_thread_blocked, id=22084, stack(0x00000047c1600000,0x00000047c1700000)]
  0x000001c4ed028000 JavaThread "Daemon worker" [_thread_in_native, id=11516, stack(0x00000047c1700000,0x00000047c1800000)]
  0x000001c4ee128000 JavaThread "Asynchronous log dispatcher for DefaultDaemonConnection: socket connection from /127.0.0.1:16549 to /127.0.0.1:16550" [_thread_blocked, id=19912, stack(0x00000047c1800000,0x00000047c1900000)]
  0x000001c4ee19c800 JavaThread "Stdin handler" [_thread_blocked, id=14804, stack(0x00000047c1900000,0x00000047c1a00000)]
  0x000001c4ee19f000 JavaThread "Daemon client event forwarder" [_thread_blocked, id=26380, stack(0x00000047c1a00000,0x00000047c1b00000)]
  0x000001c4ee686000 JavaThread "Cache worker for journal cache (C:\Users\Suraj Rao\.gradle\caches\journal-1)" [_thread_blocked, id=21228, stack(0x00000047c2000000,0x00000047c2100000)]
  0x000001c4ee688800 JavaThread "File lock request listener" [_thread_in_native, id=16628, stack(0x00000047c2100000,0x00000047c2200000)]
  0x000001c4ee68c000 JavaThread "Cache worker for file hash cache (C:\Users\Suraj Rao\.gradle\caches\7.5.1\fileHashes)" [_thread_blocked, id=17184, stack(0x00000047c2200000,0x00000047c2300000)]
  0x000001c4ee68a800 JavaThread "File watcher server" daemon [_thread_in_native, id=21252, stack(0x00000047c2400000,0x00000047c2500000)]
  0x000001c4ee687000 JavaThread "File watcher consumer" daemon [_thread_blocked, id=24836, stack(0x00000047c2500000,0x00000047c2600000)]
  0x000001c4ee689800 JavaThread "Cache worker for checksums cache (X:\Android\AndroidStudioProjects\ConnectTheDots\android\.gradle\7.5.1\checksums)" [_thread_blocked, id=18328, stack(0x00000047c2600000,0x00000047c2700000)]
  0x000001c4ee68b000 JavaThread "Cache worker for cache directory md-rule (C:\Users\Suraj Rao\.gradle\caches\7.5.1\md-rule)" [_thread_blocked, id=27336, stack(0x00000047c2700000,0x00000047c2800000)]
  0x000001c4ee688000 JavaThread "Cache worker for file content cache (C:\Users\Suraj Rao\.gradle\caches\7.5.1\fileContent)" [_thread_blocked, id=24300, stack(0x00000047c2800000,0x00000047c2900000)]
  0x000001c4ee68c800 JavaThread "Cache worker for file hash cache (X:\Android\AndroidStudioProjects\ConnectTheDots\android\.gradle\7.5.1\fileHashes)" [_thread_blocked, id=7880, stack(0x00000047c2900000,0x00000047c2a00000)]
  0x000001c4eeb2d000 JavaThread "Cache worker for cache directory md-supplier (C:\Users\Suraj Rao\.gradle\caches\7.5.1\md-supplier)" [_thread_blocked, id=16280, stack(0x00000047c2a00000,0x00000047c2b00000)]
  0x000001c4eeb2e800 JavaThread "Cache worker for execution history cache (C:\Users\Suraj Rao\.gradle\caches\7.5.1\executionHistory)" [_thread_blocked, id=26588, stack(0x00000047c2b00000,0x00000047c2c00000)]
  0x000001c4eeb30000 JavaThread "jar transforms" [_thread_blocked, id=6600, stack(0x00000047c2c00000,0x00000047c2d00000)]
  0x000001c4eeb2c000 JavaThread "jar transforms Thread 2" [_thread_blocked, id=22356, stack(0x00000047c2d00000,0x00000047c2e00000)]
  0x000001c4eeb2f800 JavaThread "jar transforms Thread 3" [_thread_blocked, id=24796, stack(0x00000047c2e00000,0x00000047c2f00000)]
  0x000001c4eeb32800 JavaThread "jar transforms Thread 4" [_thread_blocked, id=17044, stack(0x00000047c2f00000,0x00000047c3000000)]
  0x000001c4eeb31000 JavaThread "Cache worker for kotlin-dsl (C:\Users\Suraj Rao\.gradle\caches\7.5.1\kotlin-dsl)" [_thread_blocked, id=3580, stack(0x00000047c3200000,0x00000047c3300000)]
  0x000001c4eeb32000 JavaThread "jar transforms Thread 5" [_thread_blocked, id=2016, stack(0x00000047c3300000,0x00000047c3400000)]
  0x000001c4eeb33800 JavaThread "jar transforms Thread 6" [_thread_blocked, id=22888, stack(0x00000047c3400000,0x00000047c3500000)]
  0x000001c4eeb2d800 JavaThread "Cache worker for dependencies-accessors (X:\Android\AndroidStudioProjects\ConnectTheDots\android\.gradle\7.5.1\dependencies-accessors)" [_thread_blocked, id=20756, stack(0x00000047c3500000,0x00000047c3600000)]
  0x000001c4eeb35000 JavaThread "Cache worker for Build Output Cleanup Cache (X:\Android\AndroidStudioProjects\ConnectTheDots\node_modules\react-native-gradle-plugin\.gradle\buildOutputCleanup)" [_thread_blocked, id=21924, stack(0x00000047c3600000,0x00000047c3700000)]
  0x000001c4eeb37800 JavaThread "jar transforms Thread 7" [_thread_blocked, id=5200, stack(0x00000047c3700000,0x00000047c3800000)]
  0x000001c4eeb36000 JavaThread "Unconstrained build operations" [_thread_blocked, id=14064, stack(0x00000047c3800000,0x00000047c3900000)]
  0x000001c4eeb3a000 JavaThread "Unconstrained build operations Thread 2" [_thread_blocked, id=19344, stack(0x00000047c3900000,0x00000047c3a00000)]
  0x000001c4eeb38800 JavaThread "Unconstrained build operations Thread 3" [_thread_blocked, id=15772, stack(0x00000047c3a00000,0x00000047c3b00000)]
  0x000001c4eeb36800 JavaThread "Unconstrained build operations Thread 4" [_thread_blocked, id=27636, stack(0x00000047c3b00000,0x00000047c3c00000)]
  0x000001c4eeb39000 JavaThread "Unconstrained build operations Thread 5" [_thread_blocked, id=8688, stack(0x00000047c3c00000,0x00000047c3d00000)]
  0x000001c4eeb34800 JavaThread "Unconstrained build operations Thread 6" [_thread_blocked, id=19776, stack(0x00000047c3d00000,0x00000047c3e00000)]
  0x000001c4f37de000 JavaThread "Unconstrained build operations Thread 7" [_thread_blocked, id=27372, stack(0x00000047c3e00000,0x00000047c3f00000)]
  0x000001c4f37df000 JavaThread "Unconstrained build operations Thread 8" [_thread_blocked, id=21988, stack(0x00000047c3f00000,0x00000047c4000000)]
  0x000001c4f37e0800 JavaThread "Unconstrained build operations Thread 9" [_thread_blocked, id=21000, stack(0x00000047c4000000,0x00000047c4100000)]
  0x000001c4f37e0000 JavaThread "Unconstrained build operations Thread 10" [_thread_blocked, id=22244, stack(0x00000047c4100000,0x00000047c4200000)]
  0x000001c4f37db000 JavaThread "Unconstrained build operations Thread 11" [_thread_blocked, id=17112, stack(0x00000047c4200000,0x00000047c4300000)]
  0x000001c4f37e1800 JavaThread "Unconstrained build operations Thread 12" [_thread_blocked, id=17728, stack(0x00000047c4300000,0x00000047c4400000)]
  0x000001c4f37dc000 JavaThread "Unconstrained build operations Thread 13" [_thread_blocked, id=25244, stack(0x00000047c4400000,0x00000047c4500000)]
  0x000001c4f37e2800 JavaThread "Unconstrained build operations Thread 14" [_thread_blocked, id=9068, stack(0x00000047c4500000,0x00000047c4600000)]
  0x000001c4f37dd800 JavaThread "Unconstrained build operations Thread 15" [_thread_blocked, id=19652, stack(0x00000047c4600000,0x00000047c4700000)]
  0x000001c4f37dc800 JavaThread "Unconstrained build operations Thread 16" [_thread_blocked, id=19916, stack(0x00000047c4700000,0x00000047c4800000)]
  0x000001c4f37e3000 JavaThread "Unconstrained build operations Thread 17" [_thread_blocked, id=18900, stack(0x00000047c4800000,0x00000047c4900000)]
  0x000001c4f37e7000 JavaThread "Unconstrained build operations Thread 18" [_thread_blocked, id=16032, stack(0x00000047c4900000,0x00000047c4a00000)]
  0x000001c4f37e8000 JavaThread "Unconstrained build operations Thread 19" [_thread_blocked, id=27012, stack(0x00000047c4a00000,0x00000047c4b00000)]
  0x000001c4f37e6800 JavaThread "Unconstrained build operations Thread 20" [_thread_blocked, id=15548, stack(0x00000047c4b00000,0x00000047c4c00000)]
  0x000001c4f37e9800 JavaThread "Unconstrained build operations Thread 21" [_thread_blocked, id=18752, stack(0x00000047c4c00000,0x00000047c4d00000)]
  0x000001c4f37e4000 JavaThread "Unconstrained build operations Thread 22" [_thread_blocked, id=14188, stack(0x00000047c4d00000,0x00000047c4e00000)]
  0x000001c4f37e9000 JavaThread "Unconstrained build operations Thread 23" [_thread_blocked, id=26744, stack(0x00000047c4e00000,0x00000047c4f00000)]
  0x000001c4f37e4800 JavaThread "Unconstrained build operations Thread 24" [_thread_blocked, id=13640, stack(0x00000047c4f00000,0x00000047c5000000)]
  0x000001c4f37e5800 JavaThread "Unconstrained build operations Thread 25" [_thread_blocked, id=6828, stack(0x00000047c5000000,0x00000047c5100000)]
  0x000001c4f40a8000 JavaThread "Unconstrained build operations Thread 26" [_thread_blocked, id=9196, stack(0x00000047c5100000,0x00000047c5200000)]
  0x000001c4f40a9000 JavaThread "Unconstrained build operations Thread 27" [_thread_blocked, id=17988, stack(0x00000047c5200000,0x00000047c5300000)]
  0x000001c4f40a3000 JavaThread "Unconstrained build operations Thread 28" [_thread_blocked, id=27208, stack(0x00000047c5300000,0x00000047c5400000)]
  0x000001c4f40a5800 JavaThread "Unconstrained build operations Thread 29" [_thread_blocked, id=10220, stack(0x00000047c5400000,0x00000047c5500000)]
  0x000001c4f40a5000 JavaThread "Unconstrained build operations Thread 30" [_thread_blocked, id=23872, stack(0x00000047c5500000,0x00000047c5600000)]
  0x000001c4f40a6800 JavaThread "Unconstrained build operations Thread 31" [_thread_blocked, id=26584, stack(0x00000047c5600000,0x00000047c5700000)]
  0x000001c4f40a9800 JavaThread "Unconstrained build operations Thread 32" [_thread_blocked, id=23124, stack(0x00000047c5700000,0x00000047c5800000)]
  0x000001c4f40a4000 JavaThread "Unconstrained build operations Thread 33" [_thread_blocked, id=26676, stack(0x00000047c5800000,0x00000047c5900000)]
  0x000001c4f40aa800 JavaThread "jar transforms Thread 8" [_thread_blocked, id=9612, stack(0x00000047c5900000,0x00000047c5a00000)]
  0x000001c4f40ab800 JavaThread "build event listener" [_thread_blocked, id=21676, stack(0x00000047c3000000,0x00000047c3100000)]
  0x000001c4f40ac000 JavaThread "Memory manager" [_thread_blocked, id=17704, stack(0x00000047c5b00000,0x00000047c5c00000)]
  0x000001c4f3e08800 JavaThread "C2 CompilerThread1" daemon [_thread_in_native, id=25456, stack(0x00000047c3100000,0x00000047c3200000)]

Other Threads:
  0x000001c4eb756800 VMThread "VM Thread" [stack: 0x00000047c0400000,0x00000047c0500000] [id=18860]
  0x000001c4ec27a800 WatcherThread [stack: 0x00000047c0e00000,0x00000047c0f00000] [id=26780]
  0x000001c4cc6ab000 GCTaskThread "GC Thread#0" [stack: 0x00000047bff00000,0x00000047c0000000] [id=4168]
  0x000001c4ecc9a800 GCTaskThread "GC Thread#1" [stack: 0x00000047c0f00000,0x00000047c1000000] [id=22192]
  0x000001c4ecd41000 GCTaskThread "GC Thread#2" [stack: 0x00000047c1000000,0x00000047c1100000] [id=24400]
  0x000001c4ee6d0000 GCTaskThread "GC Thread#3" [stack: 0x00000047c1b00000,0x00000047c1c00000] [id=11316]
  0x000001c4ee6bf800 GCTaskThread "GC Thread#4" [stack: 0x00000047c1c00000,0x00000047c1d00000] [id=22284]
  0x000001c4ee41d800 GCTaskThread "GC Thread#5" [stack: 0x00000047c1d00000,0x00000047c1e00000] [id=25412]
  0x000001c4ee173800 GCTaskThread "GC Thread#6" [stack: 0x00000047c1e00000,0x00000047c1f00000] [id=21884]
  0x000001c4ee6d7800 GCTaskThread "GC Thread#7" [stack: 0x00000047c1f00000,0x00000047c2000000] [id=19800]
  0x000001c4cc6dd800 ConcurrentGCThread "G1 Main Marker" [stack: 0x00000047c0000000,0x00000047c0100000] [id=27312]
  0x000001c4cc6e0000 ConcurrentGCThread "G1 Conc#0" [stack: 0x00000047c0100000,0x00000047c0200000] [id=25236]
  0x000001c4ee496800 ConcurrentGCThread "G1 Conc#1" [stack: 0x00000047c2300000,0x00000047c2400000] [id=6452]
  0x000001c4eb5c0800 ConcurrentGCThread "G1 Refine#0" [stack: 0x00000047c0200000,0x00000047c0300000] [id=15432]
  0x000001c4cc76c000 ConcurrentGCThread "G1 Young RemSet Sampling" [stack: 0x00000047c0300000,0x00000047c0400000] [id=22904]

Threads with active compile tasks:
C2 CompilerThread0    15058 5902   !   4       java.net.URLClassLoader::defineClass (224 bytes)
C2 CompilerThread1    15058 5923       4       java.net.URLClassLoader$1::run (5 bytes)

VM state:not at safepoint (normal execution)

VM Mutex/Monitor currently owned by a thread: None

Heap address: 0x0000000080000000, size: 2048 MB, Compressed Oops mode: 32-bit
Narrow klass base: 0x0000000000000000, Narrow klass shift: 3
Compressed class space size: 528482304 Address: 0x0000000100000000

Heap:
 garbage-first heap   total 129024K, used 56035K [0x0000000080000000, 0x0000000100000000)
  region size 1024K, 17 young (17408K), 4 survivors (4096K)
 Metaspace       used 62856K, capacity 64671K, committed 64852K, reserved 573440K
  class space    used 8172K, capacity 8942K, committed 9036K, reserved 516096K
Heap Regions: E=young(eden), S=young(survivor), O=old, HS=humongous(starts), HC=humongous(continues), CS=collection set, F=free, A=archive, TAMS=top-at-mark-start (previous, next)
|   0|0x0000000080000000, 0x0000000080100000, 0x0000000080100000|100%| O|  |TAMS 0x0000000080100000, 0x0000000080000000| Untracked 
|   1|0x0000000080100000, 0x0000000080200000, 0x0000000080200000|100%| O|  |TAMS 0x0000000080200000, 0x0000000080100000| Untracked 
|   2|0x0000000080200000, 0x0000000080300000, 0x0000000080300000|100%| O|  |TAMS 0x0000000080300000, 0x0000000080200000| Untracked 
|   3|0x0000000080300000, 0x0000000080400000, 0x0000000080400000|100%|HS|  |TAMS 0x0000000080400000, 0x0000000080300000| Complete 
|   4|0x0000000080400000, 0x0000000080500000, 0x0000000080500000|100%|HC|  |TAMS 0x0000000080500000, 0x0000000080400000| Complete 
|   5|0x0000000080500000, 0x0000000080600000, 0x0000000080600000|100%|HC|  |TAMS 0x0000000080600000, 0x0000000080500000| Complete 
|   6|0x0000000080600000, 0x0000000080700000, 0x0000000080700000|100%| O|  |TAMS 0x0000000080700000, 0x0000000080600000| Untracked 
|   7|0x0000000080700000, 0x0000000080800000, 0x0000000080800000|100%| O|  |TAMS 0x0000000080800000, 0x0000000080700000| Untracked 
|   8|0x0000000080800000, 0x0000000080900000, 0x0000000080900000|100%| O|  |TAMS 0x0000000080900000, 0x0000000080800000| Untracked 
|   9|0x0000000080900000, 0x0000000080a00000, 0x0000000080a00000|100%| O|  |TAMS 0x0000000080a00000, 0x0000000080900000| Untracked 
|  10|0x0000000080a00000, 0x0000000080b00000, 0x0000000080b00000|100%| O|  |TAMS 0x0000000080b00000, 0x0000000080a00000| Untracked 
|  11|0x0000000080b00000, 0x0000000080c00000, 0x0000000080c00000|100%| O|  |TAMS 0x0000000080c00000, 0x0000000080b00000| Untracked 
|  12|0x0000000080c00000, 0x0000000080d00000, 0x0000000080d00000|100%| O|  |TAMS 0x0000000080d00000, 0x0000000080c00000| Untracked 
|  13|0x0000000080d00000, 0x0000000080e00000, 0x0000000080e00000|100%| O|  |TAMS 0x0000000080e00000, 0x0000000080d00000| Untracked 
|  14|0x0000000080e00000, 0x0000000080f00000, 0x0000000080f00000|100%| O|  |TAMS 0x0000000080f00000, 0x0000000080e00000| Untracked 
|  15|0x0000000080f00000, 0x0000000081000000, 0x0000000081000000|100%| O|  |TAMS 0x0000000081000000, 0x0000000080f00000| Untracked 
|  16|0x0000000081000000, 0x0000000081100000, 0x0000000081100000|100%| O|  |TAMS 0x0000000081100000, 0x0000000081000000| Untracked 
|  17|0x0000000081100000, 0x0000000081200000, 0x0000000081200000|100%| O|  |TAMS 0x0000000081200000, 0x0000000081100000| Untracked 
|  18|0x0000000081200000, 0x0000000081300000, 0x0000000081300000|100%|HS|  |TAMS 0x0000000081300000, 0x0000000081200000| Complete 
|  19|0x0000000081300000, 0x0000000081400000, 0x0000000081400000|100%| O|  |TAMS 0x0000000081400000, 0x0000000081300000| Untracked 
|  20|0x0000000081400000, 0x0000000081500000, 0x0000000081500000|100%| O|  |TAMS 0x0000000081500000, 0x0000000081400000| Untracked 
|  21|0x0000000081500000, 0x0000000081600000, 0x0000000081600000|100%| O|  |TAMS 0x0000000081600000, 0x0000000081500000| Untracked 
|  22|0x0000000081600000, 0x0000000081700000, 0x0000000081700000|100%| O|  |TAMS 0x0000000081700000, 0x0000000081600000| Untracked 
|  23|0x0000000081700000, 0x0000000081800000, 0x0000000081800000|100%| O|  |TAMS 0x0000000081800000, 0x0000000081700000| Untracked 
|  24|0x0000000081800000, 0x0000000081900000, 0x0000000081900000|100%| O|  |TAMS 0x0000000081900000, 0x0000000081800000| Untracked 
|  25|0x0000000081900000, 0x0000000081a00000, 0x0000000081a00000|100%| O|  |TAMS 0x0000000081a00000, 0x0000000081900000| Untracked 
|  26|0x0000000081a00000, 0x0000000081b00000, 0x0000000081b00000|100%| O|  |TAMS 0x0000000081b00000, 0x0000000081a00000| Untracked 
|  27|0x0000000081b00000, 0x0000000081c00000, 0x0000000081c00000|100%| O|  |TAMS 0x0000000081c00000, 0x0000000081b00000| Untracked 
|  28|0x0000000081c00000, 0x0000000081d00000, 0x0000000081d00000|100%|HS|  |TAMS 0x0000000081d00000, 0x0000000081c00000| Complete 
|  29|0x0000000081d00000, 0x0000000081e00000, 0x0000000081e00000|100%|HC|  |TAMS 0x0000000081e00000, 0x0000000081d00000| Complete 
|  30|0x0000000081e00000, 0x0000000081f00000, 0x0000000081f00000|100%|HC|  |TAMS 0x0000000081f00000, 0x0000000081e00000| Complete 
|  31|0x0000000081f00000, 0x0000000082000000, 0x0000000082000000|100%| O|  |TAMS 0x0000000082000000, 0x0000000081f00000| Untracked 
|  32|0x0000000082000000, 0x0000000082100000, 0x0000000082100000|100%| O|  |TAMS 0x0000000082100000, 0x0000000082000000| Untracked 
|  33|0x0000000082100000, 0x0000000082200000, 0x0000000082200000|100%| O|  |TAMS 0x0000000082200000, 0x0000000082100000| Untracked 
|  34|0x0000000082200000, 0x0000000082300000, 0x0000000082300000|100%| O|  |TAMS 0x0000000082300000, 0x0000000082200000| Untracked 
|  35|0x0000000082300000, 0x0000000082400000, 0x0000000082400000|100%| O|  |TAMS 0x0000000082400000, 0x0000000082300000| Untracked 
|  36|0x0000000082400000, 0x0000000082500000, 0x0000000082500000|100%| O|  |TAMS 0x0000000082500000, 0x0000000082400000| Untracked 
|  37|0x0000000082500000, 0x0000000082600000, 0x0000000082600000|100%| O|  |TAMS 0x0000000082600000, 0x0000000082500000| Untracked 
|  38|0x0000000082600000, 0x0000000082700000, 0x0000000082700000|100%| O|  |TAMS 0x0000000082700000, 0x0000000082600000| Untracked 
|  39|0x0000000082700000, 0x0000000082800000, 0x0000000082800000|100%| O|  |TAMS 0x0000000082800000, 0x0000000082700000| Untracked 
|  40|0x0000000082800000, 0x0000000082898600, 0x0000000082900000| 59%| O|  |TAMS 0x0000000082898600, 0x0000000082800000| Untracked 
|  41|0x0000000082900000, 0x0000000082900000, 0x0000000082a00000|  0%| F|  |TAMS 0x0000000082900000, 0x0000000082900000| Untracked 
|  42|0x0000000082a00000, 0x0000000082a00000, 0x0000000082b00000|  0%| F|  |TAMS 0x0000000082a00000, 0x0000000082a00000| Untracked 
|  43|0x0000000082b00000, 0x0000000082b00000, 0x0000000082c00000|  0%| F|  |TAMS 0x0000000082b00000, 0x0000000082b00000| Untracked 
|  44|0x0000000082c00000, 0x0000000082c00000, 0x0000000082d00000|  0%| F|  |TAMS 0x0000000082c00000, 0x0000000082c00000| Untracked 
|  45|0x0000000082d00000, 0x0000000082d00000, 0x0000000082e00000|  0%| F|  |TAMS 0x0000000082d00000, 0x0000000082d00000| Untracked 
|  46|0x0000000082e00000, 0x0000000082e00000, 0x0000000082f00000|  0%| F|  |TAMS 0x0000000082e00000, 0x0000000082e00000| Untracked 
|  47|0x0000000082f00000, 0x0000000082f00000, 0x0000000083000000|  0%| F|  |TAMS 0x0000000082f00000, 0x0000000082f00000| Untracked 
|  48|0x0000000083000000, 0x0000000083000000, 0x0000000083100000|  0%| F|  |TAMS 0x0000000083000000, 0x0000000083000000| Untracked 
|  49|0x0000000083100000, 0x0000000083100000, 0x0000000083200000|  0%| F|  |TAMS 0x0000000083100000, 0x0000000083100000| Untracked 
|  50|0x0000000083200000, 0x0000000083200000, 0x0000000083300000|  0%| F|  |TAMS 0x0000000083200000, 0x0000000083200000| Untracked 
|  51|0x0000000083300000, 0x0000000083300000, 0x0000000083400000|  0%| F|  |TAMS 0x0000000083300000, 0x0000000083300000| Untracked 
|  52|0x0000000083400000, 0x0000000083400000, 0x0000000083500000|  0%| F|  |TAMS 0x0000000083400000, 0x0000000083400000| Untracked 
|  53|0x0000000083500000, 0x0000000083500000, 0x0000000083600000|  0%| F|  |TAMS 0x0000000083500000, 0x0000000083500000| Untracked 
|  54|0x0000000083600000, 0x0000000083600000, 0x0000000083700000|  0%| F|  |TAMS 0x0000000083600000, 0x0000000083600000| Untracked 
|  55|0x0000000083700000, 0x0000000083700000, 0x0000000083800000|  0%| F|  |TAMS 0x0000000083700000, 0x0000000083700000| Untracked 
|  56|0x0000000083800000, 0x0000000083800000, 0x0000000083900000|  0%| F|  |TAMS 0x0000000083800000, 0x0000000083800000| Untracked 
|  57|0x0000000083900000, 0x0000000083900000, 0x0000000083a00000|  0%| F|  |TAMS 0x0000000083900000, 0x0000000083900000| Untracked 
|  58|0x0000000083a00000, 0x0000000083a00000, 0x0000000083b00000|  0%| F|  |TAMS 0x0000000083a00000, 0x0000000083a00000| Untracked 
|  59|0x0000000083b00000, 0x0000000083b00000, 0x0000000083c00000|  0%| F|  |TAMS 0x0000000083b00000, 0x0000000083b00000| Untracked 
|  60|0x0000000083c00000, 0x0000000083c00000, 0x0000000083d00000|  0%| F|  |TAMS 0x0000000083c00000, 0x0000000083c00000| Untracked 
|  61|0x0000000083d00000, 0x0000000083d00000, 0x0000000083e00000|  0%| F|  |TAMS 0x0000000083d00000, 0x0000000083d00000| Untracked 
|  62|0x0000000083e00000, 0x0000000083e00000, 0x0000000083f00000|  0%| F|  |TAMS 0x0000000083e00000, 0x0000000083e00000| Untracked 
|  63|0x0000000083f00000, 0x0000000083f00000, 0x0000000084000000|  0%| F|  |TAMS 0x0000000083f00000, 0x0000000083f00000| Untracked 
|  64|0x0000000084000000, 0x0000000084000000, 0x0000000084100000|  0%| F|  |TAMS 0x0000000084000000, 0x0000000084000000| Untracked 
|  65|0x0000000084100000, 0x0000000084100000, 0x0000000084200000|  0%| F|  |TAMS 0x0000000084100000, 0x0000000084100000| Untracked 
|  66|0x0000000084200000, 0x0000000084220730, 0x0000000084300000| 12%| S|CS|TAMS 0x0000000084200000, 0x0000000084200000| Complete 
|  67|0x0000000084300000, 0x0000000084400000, 0x0000000084400000|100%| S|CS|TAMS 0x0000000084300000, 0x0000000084300000| Complete 
|  68|0x0000000084400000, 0x0000000084500000, 0x0000000084500000|100%| S|CS|TAMS 0x0000000084400000, 0x0000000084400000| Complete 
|  69|0x0000000084500000, 0x0000000084600000, 0x0000000084600000|100%| S|CS|TAMS 0x0000000084500000, 0x0000000084500000| Complete 
|  70|0x0000000084600000, 0x0000000084600000, 0x0000000084700000|  0%| F|  |TAMS 0x0000000084600000, 0x0000000084600000| Untracked 
|  71|0x0000000084700000, 0x0000000084700000, 0x0000000084800000|  0%| F|  |TAMS 0x0000000084700000, 0x0000000084700000| Untracked 
|  72|0x0000000084800000, 0x0000000084800000, 0x0000000084900000|  0%| F|  |TAMS 0x0000000084800000, 0x0000000084800000| Untracked 
|  73|0x0000000084900000, 0x0000000084900000, 0x0000000084a00000|  0%| F|  |TAMS 0x0000000084900000, 0x0000000084900000| Untracked 
|  74|0x0000000084a00000, 0x0000000084a00000, 0x0000000084b00000|  0%| F|  |TAMS 0x0000000084a00000, 0x0000000084a00000| Untracked 
|  75|0x0000000084b00000, 0x0000000084b00000, 0x0000000084c00000|  0%| F|  |TAMS 0x0000000084b00000, 0x0000000084b00000| Untracked 
|  76|0x0000000084c00000, 0x0000000084c00000, 0x0000000084d00000|  0%| F|  |TAMS 0x0000000084c00000, 0x0000000084c00000| Untracked 
|  77|0x0000000084d00000, 0x0000000084d00000, 0x0000000084e00000|  0%| F|  |TAMS 0x0000000084d00000, 0x0000000084d00000| Untracked 
|  78|0x0000000084e00000, 0x0000000084e00000, 0x0000000084f00000|  0%| F|  |TAMS 0x0000000084e00000, 0x0000000084e00000| Untracked 
|  79|0x0000000084f00000, 0x0000000084f00000, 0x0000000085000000|  0%| F|  |TAMS 0x0000000084f00000, 0x0000000084f00000| Untracked 
|  80|0x0000000085000000, 0x0000000085000000, 0x0000000085100000|  0%| F|  |TAMS 0x0000000085000000, 0x0000000085000000| Untracked 
|  81|0x0000000085100000, 0x0000000085100000, 0x0000000085200000|  0%| F|  |TAMS 0x0000000085100000, 0x0000000085100000| Untracked 
|  82|0x0000000085200000, 0x0000000085200000, 0x0000000085300000|  0%| F|  |TAMS 0x0000000085200000, 0x0000000085200000| Untracked 
|  83|0x0000000085300000, 0x0000000085300000, 0x0000000085400000|  0%| F|  |TAMS 0x0000000085300000, 0x0000000085300000| Untracked 
|  84|0x0000000085400000, 0x0000000085400000, 0x0000000085500000|  0%| F|  |TAMS 0x0000000085400000, 0x0000000085400000| Untracked 
|  85|0x0000000085500000, 0x0000000085500000, 0x0000000085600000|  0%| F|  |TAMS 0x0000000085500000, 0x0000000085500000| Untracked 
|  86|0x0000000085600000, 0x0000000085600000, 0x0000000085700000|  0%| F|  |TAMS 0x0000000085600000, 0x0000000085600000| Untracked 
|  87|0x0000000085700000, 0x0000000085700000, 0x0000000085800000|  0%| F|  |TAMS 0x0000000085700000, 0x0000000085700000| Untracked 
|  88|0x0000000085800000, 0x0000000085800000, 0x0000000085900000|  0%| F|  |TAMS 0x0000000085800000, 0x0000000085800000| Untracked 
|  89|0x0000000085900000, 0x0000000085900000, 0x0000000085a00000|  0%| F|  |TAMS 0x0000000085900000, 0x0000000085900000| Untracked 
|  90|0x0000000085a00000, 0x0000000085a00000, 0x0000000085b00000|  0%| F|  |TAMS 0x0000000085a00000, 0x0000000085a00000| Untracked 
|  91|0x0000000085b00000, 0x0000000085b00000, 0x0000000085c00000|  0%| F|  |TAMS 0x0000000085b00000, 0x0000000085b00000| Untracked 
|  92|0x0000000085c00000, 0x0000000085c00000, 0x0000000085d00000|  0%| F|  |TAMS 0x0000000085c00000, 0x0000000085c00000| Untracked 
|  93|0x0000000085d00000, 0x0000000085d00000, 0x0000000085e00000|  0%| F|  |TAMS 0x0000000085d00000, 0x0000000085d00000| Untracked 
|  94|0x0000000085e00000, 0x0000000085e00000, 0x0000000085f00000|  0%| F|  |TAMS 0x0000000085e00000, 0x0000000085e00000| Untracked 
|  95|0x0000000085f00000, 0x0000000085f00000, 0x0000000086000000|  0%| F|  |TAMS 0x0000000085f00000, 0x0000000085f00000| Untracked 
|  96|0x0000000086000000, 0x0000000086000000, 0x0000000086100000|  0%| F|  |TAMS 0x0000000086000000, 0x0000000086000000| Untracked 
|  97|0x0000000086100000, 0x0000000086100000, 0x0000000086200000|  0%| F|  |TAMS 0x0000000086100000, 0x0000000086100000| Untracked 
|  98|0x0000000086200000, 0x0000000086200000, 0x0000000086300000|  0%| F|  |TAMS 0x0000000086200000, 0x0000000086200000| Untracked 
|  99|0x0000000086300000, 0x0000000086300000, 0x0000000086400000|  0%| F|  |TAMS 0x0000000086300000, 0x0000000086300000| Untracked 
| 100|0x0000000086400000, 0x0000000086400000, 0x0000000086500000|  0%| F|  |TAMS 0x0000000086400000, 0x0000000086400000| Untracked 
| 101|0x0000000086500000, 0x0000000086500000, 0x0000000086600000|  0%| F|  |TAMS 0x0000000086500000, 0x0000000086500000| Untracked 
| 102|0x0000000086600000, 0x0000000086600000, 0x0000000086700000|  0%| F|  |TAMS 0x0000000086600000, 0x0000000086600000| Untracked 
| 103|0x0000000086700000, 0x0000000086700000, 0x0000000086800000|  0%| F|  |TAMS 0x0000000086700000, 0x0000000086700000| Untracked 
| 104|0x0000000086800000, 0x0000000086800000, 0x0000000086900000|  0%| F|  |TAMS 0x0000000086800000, 0x0000000086800000| Untracked 
| 105|0x0000000086900000, 0x0000000086900000, 0x0000000086a00000|  0%| F|  |TAMS 0x0000000086900000, 0x0000000086900000| Untracked 
| 106|0x0000000086a00000, 0x0000000086a00000, 0x0000000086b00000|  0%| F|  |TAMS 0x0000000086a00000, 0x0000000086a00000| Untracked 
| 107|0x0000000086b00000, 0x0000000086b00000, 0x0000000086c00000|  0%| F|  |TAMS 0x0000000086b00000, 0x0000000086b00000| Untracked 
| 108|0x0000000086c00000, 0x0000000086c00000, 0x0000000086d00000|  0%| F|  |TAMS 0x0000000086c00000, 0x0000000086c00000| Untracked 
| 109|0x0000000086d00000, 0x0000000086d00000, 0x0000000086e00000|  0%| F|  |TAMS 0x0000000086d00000, 0x0000000086d00000| Untracked 
| 110|0x0000000086e00000, 0x0000000086e00000, 0x0000000086f00000|  0%| F|  |TAMS 0x0000000086e00000, 0x0000000086e00000| Untracked 
| 111|0x0000000086f00000, 0x0000000086f00000, 0x0000000087000000|  0%| F|  |TAMS 0x0000000086f00000, 0x0000000086f00000| Untracked 
| 112|0x0000000087000000, 0x0000000087000000, 0x0000000087100000|  0%| F|  |TAMS 0x0000000087000000, 0x0000000087000000| Untracked 
| 113|0x0000000087100000, 0x0000000087200000, 0x0000000087200000|100%| E|  |TAMS 0x0000000087100000, 0x0000000087100000| Complete 
| 114|0x0000000087200000, 0x0000000087300000, 0x0000000087300000|100%| E|CS|TAMS 0x0000000087200000, 0x0000000087200000| Complete 
| 115|0x0000000087300000, 0x0000000087400000, 0x0000000087400000|100%| E|CS|TAMS 0x0000000087300000, 0x0000000087300000| Complete 
| 116|0x0000000087400000, 0x0000000087500000, 0x0000000087500000|100%| E|CS|TAMS 0x0000000087400000, 0x0000000087400000| Complete 
| 117|0x0000000087500000, 0x0000000087600000, 0x0000000087600000|100%| E|CS|TAMS 0x0000000087500000, 0x0000000087500000| Complete 
| 118|0x0000000087600000, 0x0000000087700000, 0x0000000087700000|100%| E|CS|TAMS 0x0000000087600000, 0x0000000087600000| Complete 
| 119|0x0000000087700000, 0x0000000087800000, 0x0000000087800000|100%| E|CS|TAMS 0x0000000087700000, 0x0000000087700000| Complete 
| 120|0x0000000087800000, 0x0000000087900000, 0x0000000087900000|100%| E|CS|TAMS 0x0000000087800000, 0x0000000087800000| Complete 
| 121|0x0000000087900000, 0x0000000087a00000, 0x0000000087a00000|100%| E|CS|TAMS 0x0000000087900000, 0x0000000087900000| Complete 
| 122|0x0000000087a00000, 0x0000000087b00000, 0x0000000087b00000|100%| E|CS|TAMS 0x0000000087a00000, 0x0000000087a00000| Complete 
| 123|0x0000000087b00000, 0x0000000087c00000, 0x0000000087c00000|100%| E|CS|TAMS 0x0000000087b00000, 0x0000000087b00000| Complete 
| 124|0x0000000087c00000, 0x0000000087d00000, 0x0000000087d00000|100%| E|  |TAMS 0x0000000087c00000, 0x0000000087c00000| Complete 
| 125|0x0000000087d00000, 0x0000000087e00000, 0x0000000087e00000|100%| E|CS|TAMS 0x0000000087d00000, 0x0000000087d00000| Complete 

Card table byte_map: [0x000001c4e4520000,0x000001c4e4920000] _byte_map_base: 0x000001c4e4120000

Marking Bits (Prev, Next): (CMBitMap*) 0x000001c4cc6d4e00, (CMBitMap*) 0x000001c4cc6d4dc8
 Prev Bits: [0x000001c4e6d20000, 0x000001c4e8d20000)
 Next Bits: [0x000001c4e4d20000, 0x000001c4e6d20000)

Polling page: 0x000001c4cbe70000

Metaspace:

Usage:
  Non-class:     54.49 MB capacity,    53.45 MB ( 98%) used,   874.45 KB (  2%) free+waste,   187.81 KB ( <1%) overhead. 
      Class:      8.73 MB capacity,     7.99 MB ( 91%) used,   673.52 KB (  8%) free+waste,    91.56 KB (  1%) overhead. 
       Both:     63.22 MB capacity,    61.43 MB ( 97%) used,     1.51 MB (  2%) free+waste,   279.38 KB ( <1%) overhead. 

Virtual space:
  Non-class space:       56.00 MB reserved,      54.51 MB ( 97%) committed 
      Class space:      504.00 MB reserved,       8.82 MB (  2%) committed 
             Both:      560.00 MB reserved,      63.33 MB ( 11%) committed 

Chunk freelists:
   Non-Class:  23.00 KB
       Class:  18.00 KB
        Both:  41.00 KB

MaxMetaspaceSize: 512.00 MB
CompressedClassSpaceSize: 504.00 MB
Initial GC threshold: 20.80 MB
Current GC threshold: 98.68 MB
CDS: off

CodeHeap 'non-profiled nmethods': size=120000Kb used=3426Kb max_used=3426Kb free=116574Kb
 bounds [0x000001c4dc8c0000, 0x000001c4dcc20000, 0x000001c4e3df0000]
CodeHeap 'profiled nmethods': size=120000Kb used=12137Kb max_used=12137Kb free=107862Kb
 bounds [0x000001c4d5390000, 0x000001c4d5f70000, 0x000001c4dc8c0000]
CodeHeap 'non-nmethods': size=5760Kb used=2340Kb max_used=2393Kb free=3420Kb
 bounds [0x000001c4d4df0000, 0x000001c4d5060000, 0x000001c4d5390000]
 total_blobs=6735 nmethods=5880 adapters=767
 compilation: enabled
              stopped_count=0, restarted_count=0
 full_count=0

Compilation events (20 events):
Event: 15.006 Thread 0x000001c4eb784800 5903       3       com.google.common.collect.MapMakerInternalMap$StrongKeyWeakValueEntry::getValue (10 bytes)
Event: 15.006 Thread 0x000001c4eb784800 nmethod 5903 0x000001c4d5f55f10 code [0x000001c4d5f560c0, 0x000001c4d5f56288]
Event: 15.014 Thread 0x000001c4eb784800 5905       3       java.util.HashMap::put (13 bytes)
Event: 15.014 Thread 0x000001c4eb784800 nmethod 5905 0x000001c4d5f56390 code [0x000001c4d5f56560, 0x000001c4d5f56858]
Event: 15.015 Thread 0x000001c4eb784800 5906       3       org.gradle.internal.reflect.MethodSet::add (50 bytes)
Event: 15.015 Thread 0x000001c4eb784800 nmethod 5906 0x000001c4d5f56990 code [0x000001c4d5f56bc0, 0x000001c4d5f57438]
Event: 15.015 Thread 0x000001c4eb784800 5907       3       org.gradle.internal.reflect.MutableClassDetails::property (41 bytes)
Event: 15.016 Thread 0x000001c4eb784800 nmethod 5907 0x000001c4d5f57710 code [0x000001c4d5f579a0, 0x000001c4d5f58718]
Event: 15.016 Thread 0x000001c4eb784800 5908       3       java.util.HashMap::getNode (148 bytes)
Event: 15.016 Thread 0x000001c4eb784800 nmethod 5908 0x000001c4d5f58b10 code [0x000001c4d5f58d60, 0x000001c4d5f59828]
Event: 15.016 Thread 0x000001c4eb784800 5909       3       java.util.LinkedHashMap::get (33 bytes)
Event: 15.017 Thread 0x000001c4eb784800 nmethod 5909 0x000001c4d5f59b10 code [0x000001c4d5f59d00, 0x000001c4d5f5a128]
Event: 15.020 Thread 0x000001c4eb784800 5910       3       java.util.HashMap::resize (356 bytes)
Event: 15.020 Thread 0x000001c4eb784800 nmethod 5910 0x000001c4d5f5a290 code [0x000001c4d5f5a560, 0x000001c4d5f5b908]
Event: 15.023 Thread 0x000001c4eb784800 5911   !   3       java.lang.reflect.Proxy$ProxyBuilder::ensureVisible (52 bytes)
Event: 15.024 Thread 0x000001c4eb784800 nmethod 5911 0x000001c4d5f5bd90 code [0x000001c4d5f5c040, 0x000001c4d5f5cac8]
Event: 15.024 Thread 0x000001c4eb784800 5912       3       sun.reflect.annotation.AnnotationParser::skipMemberValue (11 bytes)
Event: 15.024 Thread 0x000001c4eb784800 nmethod 5912 0x000001c4d5f5cf10 code [0x000001c4d5f5d0e0, 0x000001c4d5f5d2b8]
Event: 15.024 Thread 0x000001c4eb784800 5913       3       sun.reflect.annotation.AnnotationParser::skipMemberValue (65 bytes)
Event: 15.024 Thread 0x000001c4eb784800 nmethod 5913 0x000001c4d5f5d390 code [0x000001c4d5f5d5c0, 0x000001c4d5f5dc58]

GC Heap History (20 events):
Event: 4.293 GC heap before
{Heap before GC invocations=3 (full 0):
 garbage-first heap   total 129024K, used 40072K [0x0000000080000000, 0x0000000100000000)
  region size 1024K, 30 young (30720K), 6 survivors (6144K)
 Metaspace       used 20738K, capacity 21143K, committed 21296K, reserved 536576K
  class space    used 2482K, capacity 2628K, committed 2688K, reserved 516096K
}
Event: 4.298 GC heap after
{Heap after GC invocations=4 (full 0):
 garbage-first heap   total 129024K, used 17996K [0x0000000080000000, 0x0000000100000000)
  region size 1024K, 2 young (2048K), 2 survivors (2048K)
 Metaspace       used 20738K, capacity 21143K, committed 21296K, reserved 536576K
  class space    used 2482K, capacity 2628K, committed 2688K, reserved 516096K
}
Event: 4.687 GC heap before
{Heap before GC invocations=5 (full 0):
 garbage-first heap   total 129024K, used 67148K [0x0000000080000000, 0x0000000100000000)
  region size 1024K, 50 young (51200K), 2 survivors (2048K)
 Metaspace       used 25831K, capacity 26351K, committed 26544K, reserved 540672K
  class space    used 3312K, capacity 3518K, committed 3584K, reserved 516096K
}
Event: 4.689 GC heap after
{Heap after GC invocations=6 (full 0):
 garbage-first heap   total 129024K, used 19674K [0x0000000080000000, 0x0000000100000000)
  region size 1024K, 3 young (3072K), 3 survivors (3072K)
 Metaspace       used 25831K, capacity 26351K, committed 26544K, reserved 540672K
  class space    used 3312K, capacity 3518K, committed 3584K, reserved 516096K
}
Event: 5.248 GC heap before
{Heap before GC invocations=6 (full 0):
 garbage-first heap   total 129024K, used 84186K [0x0000000080000000, 0x0000000100000000)
  region size 1024K, 66 young (67584K), 3 survivors (3072K)
 Metaspace       used 32463K, capacity 33197K, committed 33456K, reserved 546816K
  class space    used 4280K, capacity 4593K, committed 4608K, reserved 516096K
}
Event: 5.252 GC heap after
{Heap after GC invocations=7 (full 0):
 garbage-first heap   total 129024K, used 22320K [0x0000000080000000, 0x0000000100000000)
  region size 1024K, 6 young (6144K), 6 survivors (6144K)
 Metaspace       used 32463K, capacity 33197K, committed 33456K, reserved 546816K
  class space    used 4280K, capacity 4593K, committed 4608K, reserved 516096K
}
Event: 5.341 GC heap before
{Heap before GC invocations=7 (full 0):
 garbage-first heap   total 129024K, used 26416K [0x0000000080000000, 0x0000000100000000)
  region size 1024K, 11 young (11264K), 6 survivors (6144K)
 Metaspace       used 35045K, capacity 35807K, committed 35920K, reserved 548864K
  class space    used 4481K, capacity 4824K, committed 4864K, reserved 516096K
}
Event: 5.347 GC heap after
{Heap after GC invocations=8 (full 0):
 garbage-first heap   total 129024K, used 23165K [0x0000000080000000, 0x0000000100000000)
  region size 1024K, 6 young (6144K), 6 survivors (6144K)
 Metaspace       used 35045K, capacity 35807K, committed 35920K, reserved 548864K
  class space    used 4481K, capacity 4824K, committed 4864K, reserved 516096K
}
Event: 5.835 GC heap before
{Heap before GC invocations=9 (full 0):
 garbage-first heap   total 129024K, used 87677K [0x0000000080000000, 0x0000000100000000)
  region size 1024K, 67 young (68608K), 6 survivors (6144K)
 Metaspace       used 40110K, capacity 41158K, committed 41424K, reserved 552960K
  class space    used 5038K, capacity 5410K, committed 5504K, reserved 516096K
}
Event: 5.841 GC heap after
{Heap after GC invocations=10 (full 0):
 garbage-first heap   total 129024K, used 28265K [0x0000000080000000, 0x0000000100000000)
  region size 1024K, 9 young (9216K), 9 survivors (9216K)
 Metaspace       used 40110K, capacity 41158K, committed 41424K, reserved 552960K
  class space    used 5038K, capacity 5410K, committed 5504K, reserved 516096K
}
Event: 12.023 GC heap before
{Heap before GC invocations=10 (full 0):
 garbage-first heap   total 129024K, used 90729K [0x0000000080000000, 0x0000000100000000)
  region size 1024K, 69 young (70656K), 9 survivors (9216K)
 Metaspace       used 44304K, capacity 45572K, committed 45648K, reserved 557056K
  class space    used 5578K, capacity 6081K, committed 6144K, reserved 516096K
}
Event: 12.032 GC heap after
{Heap after GC invocations=11 (full 0):
 garbage-first heap   total 129024K, used 31443K [0x0000000080000000, 0x0000000100000000)
  region size 1024K, 4 young (4096K), 4 survivors (4096K)
 Metaspace       used 44304K, capacity 45572K, committed 45648K, reserved 557056K
  class space    used 5578K, capacity 6081K, committed 6144K, reserved 516096K
}
Event: 12.716 GC heap before
{Heap before GC invocations=11 (full 0):
 garbage-first heap   total 129024K, used 93907K [0x0000000080000000, 0x0000000100000000)
  region size 1024K, 65 young (66560K), 4 survivors (4096K)
 Metaspace       used 48940K, capacity 50253K, committed 50512K, reserved 561152K
  class space    used 6278K, capacity 6787K, committed 6912K, reserved 516096K
}
Event: 12.721 GC heap after
{Heap after GC invocations=12 (full 0):
 garbage-first heap   total 129024K, used 33138K [0x0000000080000000, 0x0000000100000000)
  region size 1024K, 6 young (6144K), 6 survivors (6144K)
 Metaspace       used 48940K, capacity 50253K, committed 50512K, reserved 561152K
  class space    used 6278K, capacity 6787K, committed 6912K, reserved 516096K
}
Event: 13.975 GC heap before
{Heap before GC invocations=12 (full 0):
 garbage-first heap   total 129024K, used 99698K [0x0000000080000000, 0x0000000100000000)
  region size 1024K, 68 young (69632K), 6 survivors (6144K)
 Metaspace       used 54456K, capacity 55964K, committed 56144K, reserved 565248K
  class space    used 7033K, capacity 7667K, committed 7680K, reserved 516096K
}
Event: 13.980 GC heap after
{Heap after GC invocations=13 (full 0):
 garbage-first heap   total 129024K, used 41880K [0x0000000080000000, 0x0000000100000000)
  region size 1024K, 7 young (7168K), 7 survivors (7168K)
 Metaspace       used 54456K, capacity 55964K, committed 56144K, reserved 565248K
  class space    used 7033K, capacity 7667K, committed 7680K, reserved 516096K
}
Event: 14.551 GC heap before
{Heap before GC invocations=13 (full 0):
 garbage-first heap   total 129024K, used 90008K [0x0000000080000000, 0x0000000100000000)
  region size 1024K, 55 young (56320K), 7 survivors (7168K)
 Metaspace       used 58551K, capacity 60202K, committed 60296K, reserved 569344K
  class space    used 7628K, capacity 8315K, committed 8320K, reserved 516096K
}
Event: 14.561 GC heap after
{Heap after GC invocations=14 (full 0):
 garbage-first heap   total 129024K, used 43869K [0x0000000080000000, 0x0000000100000000)
  region size 1024K, 3 young (3072K), 3 survivors (3072K)
 Metaspace       used 58551K, capacity 60202K, committed 60296K, reserved 569344K
  class space    used 7628K, capacity 8315K, committed 8320K, reserved 516096K
}
Event: 14.910 GC heap before
{Heap before GC invocations=15 (full 0):
 garbage-first heap   total 129024K, used 98141K [0x0000000080000000, 0x0000000100000000)
  region size 1024K, 56 young (57344K), 3 survivors (3072K)
 Metaspace       used 62058K, capacity 63825K, committed 64212K, reserved 573440K
  class space    used 8085K, capacity 8772K, committed 8908K, reserved 516096K
}
Event: 14.913 GC heap after
{Heap after GC invocations=16 (full 0):
 garbage-first heap   total 129024K, used 44771K [0x0000000080000000, 0x0000000100000000)
  region size 1024K, 4 young (4096K), 4 survivors (4096K)
 Metaspace       used 62058K, capacity 63825K, committed 64212K, reserved 573440K
  class space    used 8085K, capacity 8772K, committed 8908K, reserved 516096K
}

Deoptimization events (20 events):
Event: 15.013 Thread 0x000001c4ed028000 Uncommon trap: trap_request=0xffffff4d fr.pc=0x000001c4dcb9d160 relative=0x0000000000002580
Event: 15.013 Thread 0x000001c4ed028000 Uncommon trap: reason=unstable_if action=reinterpret pc=0x000001c4dcb9d160 method=java.util.HashMap.getNode(ILjava/lang/Object;)Ljava/util/HashMap$Node; @ 84 c2
Event: 15.013 Thread 0x000001c4ed028000 DEOPT PACKING pc=0x000001c4dcb9d160 sp=0x00000047c17f72b0
Event: 15.013 Thread 0x000001c4ed028000 DEOPT UNPACKING pc=0x000001c4d4e3a1af sp=0x00000047c17f7198 mode 2
Event: 15.013 Thread 0x000001c4ed028000 Uncommon trap: trap_request=0xffffff4d fr.pc=0x000001c4dcb85100 relative=0x0000000000000700
Event: 15.013 Thread 0x000001c4ed028000 Uncommon trap: reason=unstable_if action=reinterpret pc=0x000001c4dcb85100 method=java.util.HashMap.putVal(ILjava/lang/Object;Ljava/lang/Object;ZZ)Ljava/lang/Object; @ 109 c2
Event: 15.013 Thread 0x000001c4ed028000 DEOPT PACKING pc=0x000001c4dcb85100 sp=0x00000047c17f7230
Event: 15.013 Thread 0x000001c4ed028000 DEOPT UNPACKING pc=0x000001c4d4e3a1af sp=0x00000047c17f7160 mode 2
Event: 15.014 Thread 0x000001c4ed028000 Uncommon trap: trap_request=0xffffff4d fr.pc=0x000001c4dc932dd0 relative=0x0000000000000a50
Event: 15.014 Thread 0x000001c4ed028000 Uncommon trap: reason=unstable_if action=reinterpret pc=0x000001c4dc932dd0 method=java.util.HashMap.resize()[Ljava/util/HashMap$Node; @ 203 c2
Event: 15.014 Thread 0x000001c4ed028000 DEOPT PACKING pc=0x000001c4dc932dd0 sp=0x00000047c17f70f0
Event: 15.014 Thread 0x000001c4ed028000 DEOPT UNPACKING pc=0x000001c4d4e3a1af sp=0x00000047c17f70a0 mode 2
Event: 15.015 Thread 0x000001c4ed028000 Uncommon trap: trap_request=0xffffff4d fr.pc=0x000001c4dcb8fbcc relative=0x000000000000028c
Event: 15.015 Thread 0x000001c4ed028000 Uncommon trap: reason=unstable_if action=reinterpret pc=0x000001c4dcb8fbcc method=java.util.HashMap.getNode(ILjava/lang/Object;)Ljava/util/HashMap$Node; @ 84 c2
Event: 15.015 Thread 0x000001c4ed028000 DEOPT PACKING pc=0x000001c4dcb8fbcc sp=0x00000047c17f7260
Event: 15.015 Thread 0x000001c4ed028000 DEOPT UNPACKING pc=0x000001c4d4e3a1af sp=0x00000047c17f7180 mode 2
Event: 15.015 Thread 0x000001c4ed028000 Uncommon trap: trap_request=0xffffff4d fr.pc=0x000001c4dcb8e76c relative=0x00000000000001ac
Event: 15.015 Thread 0x000001c4ed028000 Uncommon trap: reason=unstable_if action=reinterpret pc=0x000001c4dcb8e76c method=java.util.HashMap.getNode(ILjava/lang/Object;)Ljava/util/HashMap$Node; @ 84 c2
Event: 15.015 Thread 0x000001c4ed028000 DEOPT PACKING pc=0x000001c4dcb8e76c sp=0x00000047c17f7200
Event: 15.015 Thread 0x000001c4ed028000 DEOPT UNPACKING pc=0x000001c4d4e3a1af sp=0x00000047c17f7188 mode 2

Classes redefined (0 events):
No events

Internal exceptions (20 events):
Event: 14.242 Thread 0x000001c4ed028000 Exception <a 'java/lang/ClassNotFoundException'{0x00000000867e0348}: org/gradle/api/plugins/BasePluginConventionBeanInfo> (0x00000000867e0348) thrown at [./src/hotspot/share/classfile/systemDictionary.cpp, line 230]
Event: 14.243 Thread 0x000001c4ed028000 Exception <a 'java/lang/ClassNotFoundException'{0x000000008661b1e8}: org/gradle/api/plugins/BasePluginConventionCustomizer> (0x000000008661b1e8) thrown at [./src/hotspot/share/classfile/systemDictionary.cpp, line 230]
Event: 14.245 Thread 0x000001c4ed028000 Exception <a 'java/lang/ClassNotFoundException'{0x0000000086665be8}: org/gradle/api/plugins/internal/DefaultBasePluginConventionCustomizer> (0x0000000086665be8) thrown at [./src/hotspot/share/classfile/systemDictionary.cpp, line 230]
Event: 14.248 Thread 0x000001c4ed028000 Exception <a 'java/lang/ClassNotFoundException'{0x00000000866eaf90}: org/gradle/api/plugins/internal/DefaultJavaPluginConventionBeanInfo> (0x00000000866eaf90) thrown at [./src/hotspot/share/classfile/systemDictionary.cpp, line 230]
Event: 14.249 Thread 0x000001c4ed028000 Exception <a 'java/lang/ClassNotFoundException'{0x0000000086526438}: org/gradle/api/plugins/JavaPluginConventionBeanInfo> (0x0000000086526438) thrown at [./src/hotspot/share/classfile/systemDictionary.cpp, line 230]
Event: 14.252 Thread 0x000001c4ed028000 Exception <a 'java/lang/ClassNotFoundException'{0x0000000086560e18}: org/gradle/api/plugins/JavaPluginConventionCustomizer> (0x0000000086560e18) thrown at [./src/hotspot/share/classfile/systemDictionary.cpp, line 230]
Event: 14.254 Thread 0x000001c4ed028000 Exception <a 'java/lang/ClassNotFoundException'{0x00000000865b56d8}: org/gradle/api/plugins/internal/DefaultJavaPluginConventionCustomizer> (0x00000000865b56d8) thrown at [./src/hotspot/share/classfile/systemDictionary.cpp, line 230]
Event: 14.370 Thread 0x000001c4ed028000 Exception <a 'java/lang/NoSuchMethodError'{0x0000000085d64570}: 'int java.lang.invoke.DirectMethodHandle$Holder.invokeInterface(java.lang.Object, java.lang.Object, java.lang.Object, java.lang.Object)'> (0x0000000085d64570) thrown at [./src/hotspot/share/interpreter/linkResolver.cpp, line 773]
Event: 14.449 Thread 0x000001c4ed028000 Exception <a 'java/lang/ClassNotFoundException'{0x0000000085780c30}: org/jetbrains/kotlin/gradle/targets/js/npm/DefaultNpmDependencyExtensionBeanInfo> (0x0000000085780c30) thrown at [./src/hotspot/share/classfile/systemDictionary.cpp, line 230]
Event: 14.449 Thread 0x000001c4ed028000 Exception <a 'java/lang/ClassNotFoundException'{0x000000008578e8b0}: org/jetbrains/kotlin/gradle/targets/js/npm/DefaultNpmDependencyExtensionCustomizer> (0x000000008578e8b0) thrown at [./src/hotspot/share/classfile/systemDictionary.cpp, line 230]
Event: 14.455 Thread 0x000001c4ed028000 Exception <a 'java/lang/ClassNotFoundException'{0x0000000085618a48}: org/jetbrains/kotlin/gradle/targets/js/npm/NpmDependencyExtensionKt$defaultNpmDependencyDelegate$1BeanInfo> (0x0000000085618a48) thrown at [./src/hotspot/share/classfile/systemDictionary.cpp, line 230]
Event: 14.456 Thread 0x000001c4ed028000 Exception <a 'java/lang/ClassNotFoundException'{0x00000000856274f0}: org/jetbrains/kotlin/gradle/targets/js/npm/NpmDependencyExtensionDelegateBeanInfo> (0x00000000856274f0) thrown at [./src/hotspot/share/classfile/systemDictionary.cpp, line 230]
Event: 14.456 Thread 0x000001c4ed028000 Exception <a 'java/lang/ClassNotFoundException'{0x0000000085636628}: org/jetbrains/kotlin/gradle/targets/js/npm/NpmDependencyExtensionDelegateCustomizer> (0x0000000085636628) thrown at [./src/hotspot/share/classfile/systemDictionary.cpp, line 230]
Event: 14.457 Thread 0x000001c4ed028000 Exception <a 'java/lang/ClassNotFoundException'{0x000000008565d650}: org/jetbrains/kotlin/gradle/targets/js/npm/NpmDependencyExtensionKt$defaultNpmDependencyDelegate$1Customizer> (0x000000008565d650) thrown at [./src/hotspot/share/classfile/systemDictionary.cpp, line 230]
Event: 14.460 Thread 0x000001c4ed028000 Exception <a 'java/lang/ClassNotFoundException'{0x00000000856a7fe0}: org/jetbrains/kotlin/gradle/targets/js/npm/DefaultDevNpmDependencyExtensionBeanInfo> (0x00000000856a7fe0) thrown at [./src/hotspot/share/classfile/systemDictionary.cpp, line 230]
Event: 14.461 Thread 0x000001c4ed028000 Exception <a 'java/lang/ClassNotFoundException'{0x00000000856b5e88}: org/jetbrains/kotlin/gradle/targets/js/npm/DefaultDevNpmDependencyExtensionCustomizer> (0x00000000856b5e88) thrown at [./src/hotspot/share/classfile/systemDictionary.cpp, line 230]
Event: 14.463 Thread 0x000001c4ed028000 Exception <a 'java/lang/ClassNotFoundException'{0x0000000085503d60}: org/jetbrains/kotlin/gradle/targets/js/npm/DefaultPeerNpmDependencyExtensionBeanInfo> (0x0000000085503d60) thrown at [./src/hotspot/share/classfile/systemDictionary.cpp, line 230]
Event: 14.464 Thread 0x000001c4ed028000 Exception <a 'java/lang/ClassNotFoundException'{0x0000000085512978}: org/jetbrains/kotlin/gradle/targets/js/npm/DefaultPeerNpmDependencyExtensionCustomizer> (0x0000000085512978) thrown at [./src/hotspot/share/classfile/systemDictionary.cpp, line 230]
Event: 14.467 Thread 0x000001c4ed028000 Exception <a 'java/lang/ClassNotFoundException'{0x000000008556c8f8}: org/jetbrains/kotlin/gradle/targets/js/npm/DefaultPeerNpmDependencyExtension$delegate$1BeanInfo> (0x000000008556c8f8) thrown at [./src/hotspot/share/classfile/systemDictionary.cpp, line 230]
Event: 14.467 Thread 0x000001c4ed028000 Exception <a 'java/lang/ClassNotFoundException'{0x000000008557af80}: org/jetbrains/kotlin/gradle/targets/js/npm/DefaultPeerNpmDependencyExtension$delegate$1Customizer> (0x000000008557af80) thrown at [./src/hotspot/share/classfile/systemDictionary.cpp, line 230]

Events (20 events):
Event: 15.019 loading class org/gradle/api/tasks/Input
Event: 15.019 loading class org/gradle/api/tasks/Input done
Event: 15.019 loading class org/gradle/api/tasks/Optional
Event: 15.019 loading class org/gradle/api/tasks/Optional done
Event: 15.020 loading class org/gradle/api/tasks/Nested
Event: 15.020 loading class org/gradle/api/tasks/Nested done
Event: 15.021 loading class org/gradle/api/tasks/TaskAction
Event: 15.021 loading class org/gradle/api/tasks/TaskAction done
Event: 15.021 loading class org/gradle/api/tasks/TaskAction
Event: 15.021 loading class org/gradle/api/tasks/TaskAction done
Event: 15.022 loading class org/gradle/api/tasks/Classpath
Event: 15.022 loading class org/gradle/api/tasks/Classpath done
Event: 15.023 loading class org/gradle/api/tasks/InputFiles
Event: 15.023 loading class org/gradle/api/tasks/InputFiles done
Event: 15.024 loading class org/gradle/api/tasks/IgnoreEmptyDirectories
Event: 15.024 loading class org/gradle/api/tasks/IgnoreEmptyDirectories done
Event: 15.025 loading class org/gradle/work/Incremental
Event: 15.025 loading class org/gradle/work/Incremental done
Event: 15.025 loading class org/gradle/api/tasks/PathSensitive
Event: 15.025 loading class org/gradle/api/tasks/PathSensitive done


Dynamic libraries:
0x00007ff68f410000 - 0x00007ff68f41d000 	C:\Program Files\Eclipse Adoptium\jdk-11.0.16.101-hotspot\bin\java.exe
0x00007ffb42e50000 - 0x00007ffb43048000 	C:\windows\SYSTEM32\ntdll.dll
0x00007ffb42b70000 - 0x00007ffb42c2f000 	C:\windows\System32\KERNEL32.DLL
0x00007ffb408b0000 - 0x00007ffb40b82000 	C:\windows\System32\KERNELBASE.dll
0x00007ffb406c0000 - 0x00007ffb407c0000 	C:\windows\System32\ucrtbase.dll
0x00007ffb1ede0000 - 0x00007ffb1edf5000 	C:\Program Files\Eclipse Adoptium\jdk-11.0.16.101-hotspot\bin\VCRUNTIME140.dll
0x00007ffb07c00000 - 0x00007ffb07c17000 	C:\Program Files\Eclipse Adoptium\jdk-11.0.16.101-hotspot\bin\jli.dll
0x00007ffb40e70000 - 0x00007ffb4100d000 	C:\windows\System32\USER32.dll
0x00007ffb407f0000 - 0x00007ffb40812000 	C:\windows\System32\win32u.dll
0x00007ffb204c0000 - 0x00007ffb2075a000 	C:\windows\WinSxS\amd64_microsoft.windows.common-controls_6595b64144ccf1df_6.0.19041.1110_none_60b5254171f9507e\COMCTL32.dll
0x00007ffb41a80000 - 0x00007ffb41aab000 	C:\windows\System32\GDI32.dll
0x00007ffb419e0000 - 0x00007ffb41a7e000 	C:\windows\System32\msvcrt.dll
0x00007ffb40d60000 - 0x00007ffb40e6f000 	C:\windows\System32\gdi32full.dll
0x00007ffb40520000 - 0x00007ffb405bd000 	C:\windows\System32\msvcp_win.dll
0x00007ffb413d0000 - 0x00007ffb41402000 	C:\windows\System32\IMM32.DLL
0x00007ffaf32b0000 - 0x00007ffaf334b000 	C:\Program Files\Eclipse Adoptium\jdk-11.0.16.101-hotspot\bin\msvcp140.dll
0x00007ffa8de80000 - 0x00007ffa8ea02000 	C:\Program Files\Eclipse Adoptium\jdk-11.0.16.101-hotspot\bin\server\jvm.dll
0x00007ffb415a0000 - 0x00007ffb4164e000 	C:\windows\System32\ADVAPI32.dll
0x00007ffb417e0000 - 0x00007ffb4187c000 	C:\windows\System32\sechost.dll
0x00007ffb41650000 - 0x00007ffb41775000 	C:\windows\System32\RPCRT4.dll
0x00007ffb42120000 - 0x00007ffb42128000 	C:\windows\System32\PSAPI.DLL
0x00007ffb08840000 - 0x00007ffb08849000 	C:\windows\SYSTEM32\WSOCK32.dll
0x00007ffb35d60000 - 0x00007ffb35d6a000 	C:\windows\SYSTEM32\VERSION.dll
0x00007ffb21c30000 - 0x00007ffb21c57000 	C:\windows\SYSTEM32\WINMM.dll
0x00007ffb41b60000 - 0x00007ffb41bcb000 	C:\windows\System32\WS2_32.dll
0x00007ffb3ed30000 - 0x00007ffb3ed42000 	C:\windows\SYSTEM32\kernel.appcore.dll
0x00007ffb3a850000 - 0x00007ffb3a860000 	C:\Program Files\Eclipse Adoptium\jdk-11.0.16.101-hotspot\bin\verify.dll
0x00007ffb3b0c0000 - 0x00007ffb3b2a4000 	C:\windows\SYSTEM32\DBGHELP.DLL
0x00007ffb1c1f0000 - 0x00007ffb1c21c000 	C:\windows\SYSTEM32\dbgcore.DLL
0x00007ffb40820000 - 0x00007ffb408a2000 	C:\windows\System32\bcryptPrimitives.dll
0x00007ffb075b0000 - 0x00007ffb075d8000 	C:\Program Files\Eclipse Adoptium\jdk-11.0.16.101-hotspot\bin\java.dll
0x00007ffb288d0000 - 0x00007ffb288da000 	C:\Program Files\Eclipse Adoptium\jdk-11.0.16.101-hotspot\bin\jimage.dll
0x00007ffb041c0000 - 0x00007ffb041d8000 	C:\Program Files\Eclipse Adoptium\jdk-11.0.16.101-hotspot\bin\zip.dll
0x00007ffb42130000 - 0x00007ffb42873000 	C:\windows\System32\SHELL32.dll
0x00007ffb3e580000 - 0x00007ffb3ed12000 	C:\windows\SYSTEM32\windows.storage.dll
0x00007ffb41070000 - 0x00007ffb413c4000 	C:\windows\System32\combase.dll
0x00007ffb3ff80000 - 0x00007ffb3ffb0000 	C:\windows\SYSTEM32\Wldp.dll
0x00007ffb42990000 - 0x00007ffb42a3d000 	C:\windows\System32\SHCORE.dll
0x00007ffb41530000 - 0x00007ffb41585000 	C:\windows\System32\shlwapi.dll
0x00007ffb40460000 - 0x00007ffb4047f000 	C:\windows\SYSTEM32\profapi.dll
0x00007ffb02db0000 - 0x00007ffb02dc9000 	C:\Program Files\Eclipse Adoptium\jdk-11.0.16.101-hotspot\bin\net.dll
0x00007ffb2c950000 - 0x00007ffb2ca5c000 	C:\windows\SYSTEM32\WINHTTP.dll
0x00007ffb3fcc0000 - 0x00007ffb3fd2a000 	C:\windows\system32\mswsock.dll
0x00007ffb015c0000 - 0x00007ffb015d3000 	C:\Program Files\Eclipse Adoptium\jdk-11.0.16.101-hotspot\bin\nio.dll
0x00007ffafccf0000 - 0x00007ffafcd17000 	C:\Users\Suraj Rao\.gradle\native\e1d6ef7f7dcc3fd88c89a11ec53ec762bb8ba0a96d01ffa2cd45eb1d1d8dd5c5\windows-amd64\native-platform.dll
0x00007ffadf4d0000 - 0x00007ffadf614000 	C:\Users\Suraj Rao\.gradle\native\0d407fdbe67a94daf76414ababcb853783967236a71b16ec16e742cd7a986fd3\windows-amd64\native-platform-file-events.dll
0x00007ffb16c10000 - 0x00007ffb16c19000 	C:\Program Files\Eclipse Adoptium\jdk-11.0.16.101-hotspot\bin\management.dll
0x00007ffb0d870000 - 0x00007ffb0d87b000 	C:\Program Files\Eclipse Adoptium\jdk-11.0.16.101-hotspot\bin\management_ext.dll
0x00007ffb3fed0000 - 0x00007ffb3fee8000 	C:\windows\SYSTEM32\CRYPTSP.dll
0x00007ffb3f550000 - 0x00007ffb3f584000 	C:\windows\system32\rsaenh.dll
0x00007ffb407c0000 - 0x00007ffb407e7000 	C:\windows\System32\bcrypt.dll
0x00007ffb40420000 - 0x00007ffb4044e000 	C:\windows\SYSTEM32\USERENV.dll
0x00007ffb3fef0000 - 0x00007ffb3fefc000 	C:\windows\SYSTEM32\CRYPTBASE.dll
0x00007ffb3f950000 - 0x00007ffb3f98b000 	C:\windows\SYSTEM32\IPHLPAPI.DLL
0x00007ffb41590000 - 0x00007ffb41598000 	C:\windows\System32\NSI.dll
0x00007ffb35a90000 - 0x00007ffb35aa7000 	C:\windows\SYSTEM32\dhcpcsvc6.DLL
0x00007ffb35a70000 - 0x00007ffb35a8d000 	C:\windows\SYSTEM32\dhcpcsvc.DLL
0x00007ffb3f9a0000 - 0x00007ffb3fa6a000 	C:\windows\SYSTEM32\DNSAPI.dll

dbghelp: loaded successfully - version: 4.0.5 - missing functions: none
symbol engine: initialized successfully - sym options: 0x614 - pdb path: .;C:\Program Files\Eclipse Adoptium\jdk-11.0.16.101-hotspot\bin;C:\windows\SYSTEM32;C:\windows\WinSxS\amd64_microsoft.windows.common-controls_6595b64144ccf1df_6.0.19041.1110_none_60b5254171f9507e;C:\Program Files\Eclipse Adoptium\jdk-11.0.16.101-hotspot\bin\server;C:\Users\Suraj Rao\.gradle\native\e1d6ef7f7dcc3fd88c89a11ec53ec762bb8ba0a96d01ffa2cd45eb1d1d8dd5c5\windows-amd64;C:\Users\Suraj Rao\.gradle\native\0d407fdbe67a94daf76414ababcb853783967236a71b16ec16e742cd7a986fd3\windows-amd64

VM Arguments:
jvm_args: -XX:MaxMetaspaceSize=512m --add-opens=java.base/java.util=ALL-UNNAMED --add-opens=java.base/java.lang=ALL-UNNAMED --add-opens=java.base/java.lang.invoke=ALL-UNNAMED --add-opens=java.base/java.util=ALL-UNNAMED --add-opens=java.prefs/java.util.prefs=ALL-UNNAMED --add-opens=java.prefs/java.util.prefs=ALL-UNNAMED --add-opens=java.base/java.nio.charset=ALL-UNNAMED --add-opens=java.base/java.net=ALL-UNNAMED --add-opens=java.base/java.util.concurrent.atomic=ALL-UNNAMED -Xmx2048m -Dfile.encoding=windows-1252 -Duser.country=IN -Duser.language=en -Duser.variant 
java_command: org.gradle.launcher.daemon.bootstrap.GradleDaemon 7.5.1
java_class_path (initial): C:\Users\Suraj Rao\.gradle\wrapper\dists\gradle-7.5.1-all\1ehga6e77gqps5uk2kc5kf1vc\gradle-7.5.1\lib\gradle-launcher-7.5.1.jar
Launcher Type: SUN_STANDARD

[Global flags]
     intx CICompilerCount                          = 4                                         {product} {ergonomic}
   size_t CompressedClassSpaceSize                 = 528482304                                 {product} {ergonomic}
     uint ConcGCThreads                            = 2                                         {product} {ergonomic}
     uint G1ConcRefinementThreads                  = 8                                         {product} {ergonomic}
   size_t G1HeapRegionSize                         = 1048576                                   {product} {ergonomic}
    uintx GCDrainStackTargetSize                   = 64                                        {product} {ergonomic}
   size_t InitialHeapSize                          = 132120576                                 {product} {ergonomic}
   size_t MarkStackSize                            = 4194304                                   {product} {ergonomic}
   size_t MaxHeapSize                              = 2147483648                                {product} {command line}
   size_t MaxMetaspaceSize                         = 536870912                                 {product} {command line}
   size_t MaxNewSize                               = 1287651328                                {product} {ergonomic}
   size_t MinHeapDeltaBytes                        = 1048576                                   {product} {ergonomic}
    uintx NonNMethodCodeHeapSize                   = 5836300                                {pd product} {ergonomic}
    uintx NonProfiledCodeHeapSize                  = 122910970                              {pd product} {ergonomic}
    uintx ProfiledCodeHeapSize                     = 122910970                              {pd product} {ergonomic}
    uintx ReservedCodeCacheSize                    = 251658240                              {pd product} {ergonomic}
     bool SegmentedCodeCache                       = true                                      {product} {ergonomic}
     bool UseCompressedClassPointers               = true                                 {lp64_product} {ergonomic}
     bool UseCompressedOops                        = true                                 {lp64_product} {ergonomic}
     bool UseG1GC                                  = true                                      {product} {ergonomic}
     bool UseLargePagesIndividualAllocation        = false                                  {pd product} {ergonomic}

Logging:
Log output configuration:
 #0: stdout all=warning uptime,level,tags
 #1: stderr all=off uptime,level,tags

Environment Variables:
CLASSPATH=X:\Android\AndroidStudioProjects\ConnectTheDots\android\\gradle\wrapper\gradle-wrapper.jar
PATH=X:\Android\AndroidStudioProjects\ConnectTheDots\android\node_modules\.bin;X:\Android\AndroidStudioProjects\ConnectTheDots\node_modules\.bin;X:\Android\AndroidStudioProjects\node_modules\.bin;X:\Android\node_modules\.bin;X:\node_modules\.bin;C:\Program Files\nodejs;X:\Android\AndroidStudioProjects\ConnectTheDots\node_modules\.bin;X:\Android\AndroidStudioProjects\ConnectTheDots\node_modules\.bin;X:\Android\AndroidStudioProjects\node_modules\.bin;X:\Android\node_modules\.bin;X:\node_modules\.bin;C:\Users\Suraj Rao\AppData\Roaming\npm\node_modules\npm\node_modules\@npmcli\run-script\lib\node-gyp-bin;C:\Program Files\Eclipse Adoptium\jdk-11.0.16.101-hotspot\bin;C:\windows\system32;C:\windows;C:\windows\System32\Wbem;C:\windows\System32\WindowsPowerShell\v1.0\;C:\windows\System32\OpenSSH\;C:\Program Files (x86)\NVIDIA Corporation\PhysX\Common;C:\Program Files\NVIDIA Corporation\NVIDIA NvDLISR;C:\Program Files\MATLAB\R2020b\bin;C:\ProgramData\chocolatey\bin;C:\Program Files\dotnet\;C:\Program Files (x86)\dotnet\;C:\Python310\Lib\site-packages\;C:\Program Files\nodejs\;C:\Program Files\MySQL\MySQL Shell 8.0\bin\;C:\Users\Suraj Rao\AppData\Local\Programs\Python\Python311\Scripts\;C:\Users\Suraj Rao\AppData\Local\Programs\Python\Python311\;C:\Users\Suraj Rao\AppData\Local\Microsoft\WindowsApps;C:\Users\Suraj Rao\AppData\Local\Programs\Microsoft VS Code\bin;C:\Users\Suraj Rao\AppData\Local\atom\bin;C:\msys64\mingw64\bin;C:\Program Files (x86)\Nmap;C:\Users\Suraj Rao\AppData\Local\Packages\PythonSoftwareFoundation.Python.3.9_qbz5n2kfra8p0\LocalCache\local-packages\Python39\Scripts;C:\Python310\Scripts;C:\Users\Suraj Rao\AppData\Roaming\npm;X:\Android\Sdk\platform-tools;
USERNAME=Suraj Rao
OS=Windows_NT
PROCESSOR_IDENTIFIER=Intel64 Family 6 Model 165 Stepping 2, GenuineIntel
TMP=C:\Users\SURAJR~1\AppData\Local\Temp
TEMP=C:\Users\SURAJR~1\AppData\Local\Temp



---------------  S Y S T E M  ---------------

OS: Windows 10 , 64 bit Build 19041 (10.0.19041.2251)
OS uptime: 2 days 7:01 hours
Hyper-V role detected

CPU:total 8 (initial active 8) (4 cores per cpu, 2 threads per core) family 6 model 165 stepping 2 microcode 0xe0, cmov, cx8, fxsr, mmx, sse, sse2, sse3, ssse3, sse4.1, sse4.2, popcnt, avx, avx2, aes, clmul, erms, 3dnowpref, lzcnt, ht, tsc, tscinvbit, bmi1, bmi2, adx, fma

Memory: 4k page, system-wide physical 7963M (614M free)
TotalPageFile size 32539M (AvailPageFile size 1M)
current process WorkingSet (physical memory assigned to process): 319M, peak: 319M
current process commit charge ("private bytes"): 374M, peak: 374M

vm_info: OpenJDK 64-Bit Server VM (11.0.16.1+1) for windows-amd64 JRE (11.0.16.1+1), built on Aug 16 2022 02:58:04 by "" with MS VC++ 15.9 (VS2017)

END.
