#
# There is insufficient memory for the Java Runtime Environment to continue.
# Native memory allocation (malloc) failed to allocate 524288 bytes for AllocateHeap
# Possible reasons:
#   The system is out of physical RAM or swap space
#   The process is running with CompressedOops enabled, and the Java Heap may be blocking the growth of the native heap
# Possible solutions:
#   Reduce memory load on the system
#   Increase physical memory or swap space
#   Check if swap backing store is full
#   Decrease Java heap size (-Xmx/-Xms)
#   Decrease number of Java threads
#   Decrease Java thread stack sizes (-Xss)
#   Set larger code cache with -XX:ReservedCodeCacheSize=
#   JVM is running with Unscaled Compressed Oops mode in which the Java heap is
#     placed in the first 4GB address space. The Java Heap base address is the
#     maximum limit for the native heap growth. Please use -XX:HeapBaseMinAddress
#     to set the Java Heap base and to place the Java Heap above 4GB virtual address.
# This output file may be truncated or incomplete.
#
#  Out of Memory Error (./src/hotspot/share/memory/allocation.cpp:46), pid=43396, tid=43416
#
# JRE version:  (11.0.16.1+1) (build )
# Java VM: OpenJDK 64-Bit Server VM (11.0.16.1+1, mixed mode, tiered, compressed oops, g1 gc, windows-amd64)
# No core dump will be written. Minidumps are not enabled by default on client versions of Windows
#

---------------  S U M M A R Y ------------

Command Line: 

Host: Intel(R) Core(TM) i5-10300H CPU @ 2.50GHz, 8 cores, 7G,  Windows 10 , 64 bit Build 19041 (10.0.19041.1889)
Time: Tue Nov  1 22:30:35 2022 India Standard Time elapsed time: 0.014154 seconds (0d 0h 0m 0s)

---------------  T H R E A D  ---------------

Current thread (0x00000170b3b7d800):  JavaThread "Unknown thread" [_thread_in_vm, id=43416, stack(0x000000624f800000,0x000000624f900000)]

Stack: [0x000000624f800000,0x000000624f900000]
Native frames: (J=compiled Java code, j=interpreted, Vv=VM code, C=native code)
V  [jvm.dll+0x61f18a]
V  [jvm.dll+0x7abb09]
V  [jvm.dll+0x7ad1f8]
V  [jvm.dll+0x7ad8d3]
V  [jvm.dll+0x24fc38]
V  [jvm.dll+0xb95f4]
V  [jvm.dll+0x7006c2]
V  [jvm.dll+0x700657]
V  [jvm.dll+0x7007ca]
V  [jvm.dll+0x784d82]
V  [jvm.dll+0x78733e]
V  [jvm.dll+0x35f899]
V  [jvm.dll+0x7688c0]
V  [jvm.dll+0x3cd3bf]
V  [jvm.dll+0x3cf751]
C  [jli.dll+0x5207]
C  [ucrtbase.dll+0x21bb2]
C  [KERNEL32.DLL+0x17034]
C  [ntdll.dll+0x526a1]


---------------  P R O C E S S  ---------------

Threads class SMR info:
_java_thread_list=0x00000170b1943cb0, length=0, elements={
}

Java Threads: ( => current thread )

Other Threads:
  0x00000170b3b96000 GCTaskThread "GC Thread#0" [stack: 0x000000624f900000,0x000000624fa00000] [id=43420]
  0x00000170b3bca000 ConcurrentGCThread "G1 Main Marker" [stack: 0x000000624fa00000,0x000000624fb00000] [id=43424]
  0x00000170b3bcd000 ConcurrentGCThread "G1 Conc#0" [stack: 0x000000624fb00000,0x000000624fc00000] [id=43428]
  0x00000170b3c58000 ConcurrentGCThread "G1 Refine#0" [stack: 0x000000624fc00000,0x000000624fd00000] [id=43432]
  0x00000170d28c0800 ConcurrentGCThread "G1 Young RemSet Sampling" [stack: 0x000000624fd00000,0x000000624fe00000] [id=43436]

=>0x00000170b3b7d800 (exited) JavaThread "Unknown thread" [_thread_in_vm, id=43416, stack(0x000000624f800000,0x000000624f900000)]

Threads with active compile tasks:

VM state:not at safepoint (not fully initialized)

VM Mutex/Monitor currently owned by a thread: None

Heap address: 0x0000000083800000, size: 1992 MB, Compressed Oops mode: 32-bit
Narrow klass base: 0x0000000000000000, Narrow klass shift: 3
Compressed class space size: 1073741824 Address: 0x0000000100000000

GC Heap History (0 events):
No events

Deoptimization events (0 events):
No events

Classes redefined (0 events):
No events

Internal exceptions (0 events):
No events

Events (1 events):
Event: 0.007 Loaded shared library C:\Program Files\Eclipse Adoptium\jdk-11.0.16.101-hotspot\bin\zip.dll


Dynamic libraries:
0x00007ff65dbd0000 - 0x00007ff65dbdd000 	C:\Program Files\Eclipse Adoptium\jdk-11.0.16.101-hotspot\bin\java.exe
0x00007ffce7210000 - 0x00007ffce7408000 	C:\windows\SYSTEM32\ntdll.dll
0x00007ffce6bb0000 - 0x00007ffce6c6d000 	C:\windows\System32\KERNEL32.DLL
0x00007ffce4af0000 - 0x00007ffce4dc2000 	C:\windows\System32\KERNELBASE.dll
0x00007ffce48f0000 - 0x00007ffce49f0000 	C:\windows\System32\ucrtbase.dll
0x00007ffcd9bc0000 - 0x00007ffcd9bd5000 	C:\Program Files\Eclipse Adoptium\jdk-11.0.16.101-hotspot\bin\VCRUNTIME140.dll
0x00007ffcdba20000 - 0x00007ffcdba37000 	C:\Program Files\Eclipse Adoptium\jdk-11.0.16.101-hotspot\bin\jli.dll
0x00007ffce6d10000 - 0x00007ffce6ead000 	C:\windows\System32\USER32.dll
0x00007ffce4ec0000 - 0x00007ffce4ee2000 	C:\windows\System32\win32u.dll
0x00007ffcc4800000 - 0x00007ffcc4a9a000 	C:\windows\WinSxS\amd64_microsoft.windows.common-controls_6595b64144ccf1df_6.0.19041.1110_none_60b5254171f9507e\COMCTL32.dll
0x00007ffce7170000 - 0x00007ffce719b000 	C:\windows\System32\GDI32.dll
0x00007ffce5990000 - 0x00007ffce5a2e000 	C:\windows\System32\msvcrt.dll
0x00007ffce5050000 - 0x00007ffce515f000 	C:\windows\System32\gdi32full.dll
0x00007ffce4e20000 - 0x00007ffce4ebd000 	C:\windows\System32\msvcp_win.dll
0x00007ffce5450000 - 0x00007ffce5480000 	C:\windows\System32\IMM32.DLL
0x00007ffc85b60000 - 0x00007ffc85bfb000 	C:\Program Files\Eclipse Adoptium\jdk-11.0.16.101-hotspot\bin\msvcp140.dll
0x00007ffc755d0000 - 0x00007ffc76152000 	C:\Program Files\Eclipse Adoptium\jdk-11.0.16.101-hotspot\bin\server\jvm.dll
0x00007ffce6050000 - 0x00007ffce60fe000 	C:\windows\System32\ADVAPI32.dll
0x00007ffce6c70000 - 0x00007ffce6d0c000 	C:\windows\System32\sechost.dll
0x00007ffce5f10000 - 0x00007ffce6035000 	C:\windows\System32\RPCRT4.dll
0x00007ffce55c0000 - 0x00007ffce55c8000 	C:\windows\System32\PSAPI.DLL
0x00007ffcdcaa0000 - 0x00007ffcdcaa9000 	C:\windows\SYSTEM32\WSOCK32.dll
0x00007ffcc7830000 - 0x00007ffcc7857000 	C:\windows\SYSTEM32\WINMM.dll
0x00007ffcdab80000 - 0x00007ffcdab8a000 	C:\windows\SYSTEM32\VERSION.dll
0x00007ffce5a30000 - 0x00007ffce5a9b000 	C:\windows\System32\WS2_32.dll
0x00007ffce3100000 - 0x00007ffce3112000 	C:\windows\SYSTEM32\kernel.appcore.dll
0x00007ffcdbac0000 - 0x00007ffcdbad0000 	C:\Program Files\Eclipse Adoptium\jdk-11.0.16.101-hotspot\bin\verify.dll
0x00007ffcdfdc0000 - 0x00007ffcdffa4000 	C:\windows\SYSTEM32\DBGHELP.DLL
0x00007ffcc10f0000 - 0x00007ffcc111c000 	C:\windows\SYSTEM32\dbgcore.DLL
0x00007ffce4a60000 - 0x00007ffce4ae2000 	C:\windows\System32\bcryptPrimitives.dll
0x00007ffcb9680000 - 0x00007ffcb96a8000 	C:\Program Files\Eclipse Adoptium\jdk-11.0.16.101-hotspot\bin\java.dll
0x00007ffcd9bb0000 - 0x00007ffcd9bba000 	C:\Program Files\Eclipse Adoptium\jdk-11.0.16.101-hotspot\bin\jimage.dll
0x00007ffccb490000 - 0x00007ffccb4a8000 	C:\Program Files\Eclipse Adoptium\jdk-11.0.16.101-hotspot\bin\zip.dll

dbghelp: loaded successfully - version: 4.0.5 - missing functions: none
symbol engine: initialized successfully - sym options: 0x614 - pdb path: .;C:\Program Files\Eclipse Adoptium\jdk-11.0.16.101-hotspot\bin;C:\windows\SYSTEM32;C:\windows\WinSxS\amd64_microsoft.windows.common-controls_6595b64144ccf1df_6.0.19041.1110_none_60b5254171f9507e;C:\Program Files\Eclipse Adoptium\jdk-11.0.16.101-hotspot\bin\server

VM Arguments:
java_command: <unknown>
java_class_path (initial): <not set>
Launcher Type: SUN_STANDARD

[Global flags]
     intx CICompilerCount                          = 4                                         {product} {ergonomic}
     uint ConcGCThreads                            = 2                                         {product} {ergonomic}
     uint G1ConcRefinementThreads                  = 8                                         {product} {ergonomic}
   size_t G1HeapRegionSize                         = 1048576                                   {product} {ergonomic}
    uintx GCDrainStackTargetSize                   = 64                                        {product} {ergonomic}
   size_t InitialHeapSize                          = 132120576                                 {product} {ergonomic}
   size_t MarkStackSize                            = 4194304                                   {product} {ergonomic}
   size_t MaxHeapSize                              = 2088763392                                {product} {ergonomic}
   size_t MaxNewSize                               = 1253048320                                {product} {ergonomic}
   size_t MinHeapDeltaBytes                        = 1048576                                   {product} {ergonomic}
    uintx NonNMethodCodeHeapSize                   = 5836300                                {pd product} {ergonomic}
    uintx NonProfiledCodeHeapSize                  = 122910970                              {pd product} {ergonomic}
    uintx ProfiledCodeHeapSize                     = 122910970                              {pd product} {ergonomic}
    uintx ReservedCodeCacheSize                    = 251658240                              {pd product} {ergonomic}
     bool SegmentedCodeCache                       = true                                      {product} {ergonomic}
     bool UseCompressedClassPointers               = true                                 {lp64_product} {ergonomic}
     bool UseCompressedOops                        = true                                 {lp64_product} {ergonomic}
     bool UseG1GC                                  = true                                      {product} {ergonomic}
     bool UseLargePagesIndividualAllocation        = false                                  {pd product} {ergonomic}

Logging:
Log output configuration:
 #0: stdout all=warning uptime,level,tags
 #1: stderr all=off uptime,level,tags

Environment Variables:
PATH=X:\Android\AndroidStudioProjects\ConnectTheDots\android\node_modules\.bin;X:\Android\AndroidStudioProjects\ConnectTheDots\node_modules\.bin;X:\Android\AndroidStudioProjects\node_modules\.bin;X:\Android\node_modules\.bin;X:\node_modules\.bin;C:\Program Files\nodejs;X:\Android\AndroidStudioProjects\ConnectTheDots\node_modules\.bin;X:\Android\AndroidStudioProjects\ConnectTheDots\node_modules\.bin;X:\Android\AndroidStudioProjects\node_modules\.bin;X:\Android\node_modules\.bin;X:\node_modules\.bin;C:\Users\Suraj Rao\AppData\Roaming\npm\node_modules\npm\node_modules\@npmcli\run-script\lib\node-gyp-bin;C:\Program Files\Eclipse Adoptium\jdk-11.0.16.101-hotspot\bin;C:\Python310\Scripts\;C:\Python310\;C:\windows\system32;C:\windows;C:\windows\System32\Wbem;C:\windows\System32\WindowsPowerShell\v1.0\;C:\windows\System32\OpenSSH\;C:\Program Files (x86)\NVIDIA Corporation\PhysX\Common;C:\Program Files\NVIDIA Corporation\NVIDIA NvDLISR;C:\Program Files\MATLAB\R2020b\bin;C:\ProgramData\chocolatey\bin;C:\Program Files\dotnet\;C:\Program Files (x86)\dotnet\;C:\Python310\Lib\site-packages\;C:\Program Files\nodejs\;C:\Users\Suraj Rao\AppData\Local\Microsoft\WindowsApps;C:\Users\Suraj Rao\AppData\Local\Programs\Microsoft VS Code\bin;C:\Users\Suraj Rao\AppData\Local\atom\bin;C:\msys64\mingw64\bin;C:\Program Files (x86)\Nmap;C:\Users\Suraj Rao\AppData\Local\Packages\PythonSoftwareFoundation.Python.3.9_qbz5n2kfra8p0\LocalCache\local-packages\Python39\Scripts;C:\Python310\Scripts;C:\Users\Suraj Rao\AppData\Roaming\npm;X:\Android\Sdk\platform-tools;
USERNAME=Suraj Rao
OS=Windows_NT
PROCESSOR_IDENTIFIER=Intel64 Family 6 Model 165 Stepping 2, GenuineIntel
TMP=C:\Users\SURAJR~1\AppData\Local\Temp
TEMP=C:\Users\SURAJR~1\AppData\Local\Temp



---------------  S Y S T E M  ---------------

OS: Windows 10 , 64 bit Build 19041 (10.0.19041.1889)
OS uptime: 7 days 21:37 hours
Hyper-V role detected

CPU:total 8 (initial active 8) (4 cores per cpu, 2 threads per core) family 6 model 165 stepping 2 microcode 0xe0, cmov, cx8, fxsr, mmx, sse, sse2, sse3, ssse3, sse4.1, sse4.2, popcnt, avx, avx2, aes, clmul, erms, 3dnowpref, lzcnt, ht, tsc, tscinvbit, bmi1, bmi2, adx, fma

Memory: 4k page, system-wide physical 7963M (263M free)
TotalPageFile size 32539M (AvailPageFile size 3M)
current process WorkingSet (physical memory assigned to process): 15M, peak: 15M
current process commit charge ("private bytes"): 192M, peak: 192M

vm_info: OpenJDK 64-Bit Server VM (11.0.16.1+1) for windows-amd64 JRE (11.0.16.1+1), built on Aug 16 2022 02:58:04 by "" with MS VC++ 15.9 (VS2017)

END.
