#
# There is insufficient memory for the Java Runtime Environment to continue.
# Native memory allocation (malloc) failed to allocate 32744 bytes for ChunkPool::allocate
# Possible reasons:
#   The system is out of physical RAM or swap space
#   The process is running with CompressedOops enabled, and the Java Heap may be blocking the growth of the native heap
# Possible solutions:
#   Reduce memory load on the system
#   Increase physical memory or swap space
#   Check if swap backing store is full
#   Decrease Java heap size (-Xmx/-Xms)
#   Decrease number of Java threads
#   Decrease Java thread stack sizes (-Xss)
#   Set larger code cache with -XX:ReservedCodeCacheSize=
#   JVM is running with Unscaled Compressed Oops mode in which the Java heap is
#     placed in the first 4GB address space. The Java Heap base address is the
#     maximum limit for the native heap growth. Please use -XX:HeapBaseMinAddress
#     to set the Java Heap base and to place the Java Heap above 4GB virtual address.
# This output file may be truncated or incomplete.
#
#  Out of Memory Error (./src/hotspot/share/memory/arena.cpp:81), pid=8540, tid=25328
#
# JRE version: OpenJDK Runtime Environment Temurin-11.0.16.1+1 (11.0.16.1+1) (build 11.0.16.1+1)
# Java VM: OpenJDK 64-Bit Server VM Temurin-11.0.16.1+1 (11.0.16.1+1, mixed mode, tiered, compressed oops, g1 gc, windows-amd64)
# No core dump will be written. Minidumps are not enabled by default on client versions of Windows
#

---------------  S U M M A R Y ------------

Command Line: -Xmx64m -Xms64m -Dorg.gradle.appname=gradlew org.gradle.wrapper.GradleWrapperMain app:installDebug -PreactNativeDevServerPort=8081

Host: Intel(R) Core(TM) i5-10300H CPU @ 2.50GHz, 8 cores, 7G,  Windows 10 , 64 bit Build 19041 (10.0.19041.2251)
Time: Thu Nov 17 02:45:26 2022 India Standard Time elapsed time: 17.139547 seconds (0d 0h 0m 17s)

---------------  T H R E A D  ---------------

Current thread (0x00000286365a3800):  JavaThread "C2 CompilerThread0" daemon [_thread_in_native, id=25328, stack(0x000000febef00000,0x000000febf000000)]


Current CompileTask:
C2:  17139 1455 % !   4       java.io.BufferedReader::readLine @ 131 (304 bytes)

Stack: [0x000000febef00000,0x000000febf000000]
Native frames: (J=compiled Java code, j=interpreted, Vv=VM code, C=native code)
V  [jvm.dll+0x61f18a]
V  [jvm.dll+0x7abb09]
V  [jvm.dll+0x7ad1f8]
V  [jvm.dll+0x7ad8d3]
V  [jvm.dll+0x24fc38]
V  [jvm.dll+0xc288b]
V  [jvm.dll+0xc2bec]
V  [jvm.dll+0x5320fd]
V  [jvm.dll+0x52f397]
V  [jvm.dll+0x52f188]
V  [jvm.dll+0x52e4b0]
V  [jvm.dll+0x21118b]
V  [jvm.dll+0x20add4]
V  [jvm.dll+0x207f6b]
V  [jvm.dll+0x18a3a1]
V  [jvm.dll+0x2178e4]
V  [jvm.dll+0x215b2b]
V  [jvm.dll+0x76e610]
V  [jvm.dll+0x767544]
V  [jvm.dll+0x61dff5]
C  [ucrtbase.dll+0x21bb2]
C  [KERNEL32.DLL+0x174b4]
C  [ntdll.dll+0x526a1]


---------------  P R O C E S S  ---------------

Threads class SMR info:
_java_thread_list=0x000002863761c6d0, length=11, elements={
0x0000028619775800, 0x0000028636539800, 0x0000028636586800, 0x000002863659c000,
0x000002863659e000, 0x00000286365a0000, 0x00000286365a3800, 0x00000286365ac000,
0x00000286365ad800, 0x0000028636867800, 0x0000028636749800
}

Java Threads: ( => current thread )
  0x0000028619775800 JavaThread "main" [_thread_blocked, id=18448, stack(0x000000febe300000,0x000000febe400000)]
  0x0000028636539800 JavaThread "Reference Handler" daemon [_thread_blocked, id=9768, stack(0x000000febea00000,0x000000febeb00000)]
  0x0000028636586800 JavaThread "Finalizer" daemon [_thread_blocked, id=5144, stack(0x000000febeb00000,0x000000febec00000)]
  0x000002863659c000 JavaThread "Signal Dispatcher" daemon [_thread_blocked, id=26704, stack(0x000000febec00000,0x000000febed00000)]
  0x000002863659e000 JavaThread "Attach Listener" daemon [_thread_blocked, id=25468, stack(0x000000febed00000,0x000000febee00000)]
  0x00000286365a0000 JavaThread "Service Thread" daemon [_thread_blocked, id=18844, stack(0x000000febee00000,0x000000febef00000)]
=>0x00000286365a3800 JavaThread "C2 CompilerThread0" daemon [_thread_in_native, id=25328, stack(0x000000febef00000,0x000000febf000000)]
  0x00000286365ac000 JavaThread "C1 CompilerThread0" daemon [_thread_blocked, id=16356, stack(0x000000febf000000,0x000000febf100000)]
  0x00000286365ad800 JavaThread "Sweeper thread" daemon [_thread_blocked, id=4180, stack(0x000000febf100000,0x000000febf200000)]
  0x0000028636867800 JavaThread "Common-Cleaner" daemon [_thread_blocked, id=25168, stack(0x000000febf300000,0x000000febf400000)]
  0x0000028636749800 JavaThread "DisconnectableInputStream source reader" daemon [_thread_in_native, id=21776, stack(0x000000febf700000,0x000000febf800000)]

Other Threads:
  0x000002863652f800 VMThread "VM Thread" [stack: 0x000000febe900000,0x000000febea00000] [id=14408]
  0x000002863681c000 WatcherThread [stack: 0x000000febf200000,0x000000febf300000] [id=24376]
  0x000002861978a000 GCTaskThread "GC Thread#0" [stack: 0x000000febe400000,0x000000febe500000] [id=3508]
  0x00000286374e9800 GCTaskThread "GC Thread#1" [stack: 0x000000febf500000,0x000000febf600000] [id=25100]
  0x00000286376c4800 GCTaskThread "GC Thread#2" [stack: 0x000000febf800000,0x000000febf900000] [id=1496]
  0x00000286376c2800 GCTaskThread "GC Thread#3" [stack: 0x000000febf900000,0x000000febfa00000] [id=17180]
  0x00000286376cc800 GCTaskThread "GC Thread#4" [stack: 0x000000febfa00000,0x000000febfb00000] [id=25376]
  0x00000286376be000 GCTaskThread "GC Thread#5" [stack: 0x000000febfb00000,0x000000febfc00000] [id=24800]
  0x0000028619792000 ConcurrentGCThread "G1 Main Marker" [stack: 0x000000febe500000,0x000000febe600000] [id=25496]
  0x0000028619795800 ConcurrentGCThread "G1 Conc#0" [stack: 0x000000febe600000,0x000000febe700000] [id=25228]
  0x00000286197fb000 ConcurrentGCThread "G1 Refine#0" [stack: 0x000000febe700000,0x000000febe800000] [id=23788]
  0x00000286197fc000 ConcurrentGCThread "G1 Young RemSet Sampling" [stack: 0x000000febe800000,0x000000febe900000] [id=8276]

Threads with active compile tasks:
C2 CompilerThread0    17154 1455 % !   4       java.io.BufferedReader::readLine @ 131 (304 bytes)

VM state:not at safepoint (normal execution)

VM Mutex/Monitor currently owned by a thread: None

Heap address: 0x00000000fc000000, size: 64 MB, Compressed Oops mode: 32-bit
Narrow klass base: 0x0000000000000000, Narrow klass shift: 3
Compressed class space size: 1073741824 Address: 0x0000000100000000

Heap:
 garbage-first heap   total 65536K, used 13851K [0x00000000fc000000, 0x0000000100000000)
  region size 1024K, 6 young (6144K), 2 survivors (2048K)
 Metaspace       used 16881K, capacity 17247K, committed 17408K, reserved 1064960K
  class space    used 1910K, capacity 2030K, committed 2048K, reserved 1048576K
Heap Regions: E=young(eden), S=young(survivor), O=old, HS=humongous(starts), HC=humongous(continues), CS=collection set, F=free, A=archive, TAMS=top-at-mark-start (previous, next)
|   0|0x00000000fc000000, 0x00000000fc100000, 0x00000000fc100000|100%| O|  |TAMS 0x00000000fc000000, 0x00000000fc000000| Untracked 
|   1|0x00000000fc100000, 0x00000000fc200000, 0x00000000fc200000|100%| O|  |TAMS 0x00000000fc100000, 0x00000000fc100000| Untracked 
|   2|0x00000000fc200000, 0x00000000fc270a00, 0x00000000fc300000| 43%| O|  |TAMS 0x00000000fc200000, 0x00000000fc200000| Untracked 
|   3|0x00000000fc300000, 0x00000000fc400000, 0x00000000fc400000|100%|HS|  |TAMS 0x00000000fc300000, 0x00000000fc300000| Complete 
|   4|0x00000000fc400000, 0x00000000fc500000, 0x00000000fc500000|100%|HC|  |TAMS 0x00000000fc400000, 0x00000000fc400000| Complete 
|   5|0x00000000fc500000, 0x00000000fc600000, 0x00000000fc600000|100%|HC|  |TAMS 0x00000000fc500000, 0x00000000fc500000| Complete 
|   6|0x00000000fc600000, 0x00000000fc700000, 0x00000000fc700000|100%| O|  |TAMS 0x00000000fc600000, 0x00000000fc600000| Untracked 
|   7|0x00000000fc700000, 0x00000000fc800000, 0x00000000fc800000|100%| O|  |TAMS 0x00000000fc700000, 0x00000000fc700000| Untracked 
|   8|0x00000000fc800000, 0x00000000fc900000, 0x00000000fc900000|100%| O|  |TAMS 0x00000000fc800000, 0x00000000fc800000| Untracked 
|   9|0x00000000fc900000, 0x00000000fca00000, 0x00000000fca00000|100%| O|  |TAMS 0x00000000fc900000, 0x00000000fc900000| Untracked 
|  10|0x00000000fca00000, 0x00000000fca00000, 0x00000000fcb00000|  0%| F|  |TAMS 0x00000000fca00000, 0x00000000fca00000| Untracked 
|  11|0x00000000fcb00000, 0x00000000fcb00000, 0x00000000fcc00000|  0%| F|  |TAMS 0x00000000fcb00000, 0x00000000fcb00000| Untracked 
|  12|0x00000000fcc00000, 0x00000000fcc00000, 0x00000000fcd00000|  0%| F|  |TAMS 0x00000000fcc00000, 0x00000000fcc00000| Untracked 
|  13|0x00000000fcd00000, 0x00000000fcd00000, 0x00000000fce00000|  0%| F|  |TAMS 0x00000000fcd00000, 0x00000000fcd00000| Untracked 
|  14|0x00000000fce00000, 0x00000000fce00000, 0x00000000fcf00000|  0%| F|  |TAMS 0x00000000fce00000, 0x00000000fce00000| Untracked 
|  15|0x00000000fcf00000, 0x00000000fcf00000, 0x00000000fd000000|  0%| F|  |TAMS 0x00000000fcf00000, 0x00000000fcf00000| Untracked 
|  16|0x00000000fd000000, 0x00000000fd000000, 0x00000000fd100000|  0%| F|  |TAMS 0x00000000fd000000, 0x00000000fd000000| Untracked 
|  17|0x00000000fd100000, 0x00000000fd100000, 0x00000000fd200000|  0%| F|  |TAMS 0x00000000fd100000, 0x00000000fd100000| Untracked 
|  18|0x00000000fd200000, 0x00000000fd200000, 0x00000000fd300000|  0%| F|  |TAMS 0x00000000fd200000, 0x00000000fd200000| Untracked 
|  19|0x00000000fd300000, 0x00000000fd300000, 0x00000000fd400000|  0%| F|  |TAMS 0x00000000fd300000, 0x00000000fd300000| Untracked 
|  20|0x00000000fd400000, 0x00000000fd400000, 0x00000000fd500000|  0%| F|  |TAMS 0x00000000fd400000, 0x00000000fd400000| Untracked 
|  21|0x00000000fd500000, 0x00000000fd500000, 0x00000000fd600000|  0%| F|  |TAMS 0x00000000fd500000, 0x00000000fd500000| Untracked 
|  22|0x00000000fd600000, 0x00000000fd600000, 0x00000000fd700000|  0%| F|  |TAMS 0x00000000fd600000, 0x00000000fd600000| Untracked 
|  23|0x00000000fd700000, 0x00000000fd700000, 0x00000000fd800000|  0%| F|  |TAMS 0x00000000fd700000, 0x00000000fd700000| Untracked 
|  24|0x00000000fd800000, 0x00000000fd800000, 0x00000000fd900000|  0%| F|  |TAMS 0x00000000fd800000, 0x00000000fd800000| Untracked 
|  25|0x00000000fd900000, 0x00000000fd900000, 0x00000000fda00000|  0%| F|  |TAMS 0x00000000fd900000, 0x00000000fd900000| Untracked 
|  26|0x00000000fda00000, 0x00000000fda00000, 0x00000000fdb00000|  0%| F|  |TAMS 0x00000000fda00000, 0x00000000fda00000| Untracked 
|  27|0x00000000fdb00000, 0x00000000fdb00000, 0x00000000fdc00000|  0%| F|  |TAMS 0x00000000fdb00000, 0x00000000fdb00000| Untracked 
|  28|0x00000000fdc00000, 0x00000000fdc00000, 0x00000000fdd00000|  0%| F|  |TAMS 0x00000000fdc00000, 0x00000000fdc00000| Untracked 
|  29|0x00000000fdd00000, 0x00000000fdd00000, 0x00000000fde00000|  0%| F|  |TAMS 0x00000000fdd00000, 0x00000000fdd00000| Untracked 
|  30|0x00000000fde00000, 0x00000000fde00000, 0x00000000fdf00000|  0%| F|  |TAMS 0x00000000fde00000, 0x00000000fde00000| Untracked 
|  31|0x00000000fdf00000, 0x00000000fdf00000, 0x00000000fe000000|  0%| F|  |TAMS 0x00000000fdf00000, 0x00000000fdf00000| Untracked 
|  32|0x00000000fe000000, 0x00000000fe000000, 0x00000000fe100000|  0%| F|  |TAMS 0x00000000fe000000, 0x00000000fe000000| Untracked 
|  33|0x00000000fe100000, 0x00000000fe100000, 0x00000000fe200000|  0%| F|  |TAMS 0x00000000fe100000, 0x00000000fe100000| Untracked 
|  34|0x00000000fe200000, 0x00000000fe216300, 0x00000000fe300000|  8%| S|CS|TAMS 0x00000000fe200000, 0x00000000fe200000| Complete 
|  35|0x00000000fe300000, 0x00000000fe400000, 0x00000000fe400000|100%| S|CS|TAMS 0x00000000fe300000, 0x00000000fe300000| Complete 
|  36|0x00000000fe400000, 0x00000000fe400000, 0x00000000fe500000|  0%| F|  |TAMS 0x00000000fe400000, 0x00000000fe400000| Untracked 
|  37|0x00000000fe500000, 0x00000000fe500000, 0x00000000fe600000|  0%| F|  |TAMS 0x00000000fe500000, 0x00000000fe500000| Untracked 
|  38|0x00000000fe600000, 0x00000000fe600000, 0x00000000fe700000|  0%| F|  |TAMS 0x00000000fe600000, 0x00000000fe600000| Untracked 
|  39|0x00000000fe700000, 0x00000000fe700000, 0x00000000fe800000|  0%| F|  |TAMS 0x00000000fe700000, 0x00000000fe700000| Untracked 
|  40|0x00000000fe800000, 0x00000000fe800000, 0x00000000fe900000|  0%| F|  |TAMS 0x00000000fe800000, 0x00000000fe800000| Untracked 
|  41|0x00000000fe900000, 0x00000000fe900000, 0x00000000fea00000|  0%| F|  |TAMS 0x00000000fe900000, 0x00000000fe900000| Untracked 
|  42|0x00000000fea00000, 0x00000000fea00000, 0x00000000feb00000|  0%| F|  |TAMS 0x00000000fea00000, 0x00000000fea00000| Untracked 
|  43|0x00000000feb00000, 0x00000000feb00000, 0x00000000fec00000|  0%| F|  |TAMS 0x00000000feb00000, 0x00000000feb00000| Untracked 
|  44|0x00000000fec00000, 0x00000000fec00000, 0x00000000fed00000|  0%| F|  |TAMS 0x00000000fec00000, 0x00000000fec00000| Untracked 
|  45|0x00000000fed00000, 0x00000000fed00000, 0x00000000fee00000|  0%| F|  |TAMS 0x00000000fed00000, 0x00000000fed00000| Untracked 
|  46|0x00000000fee00000, 0x00000000fee00000, 0x00000000fef00000|  0%| F|  |TAMS 0x00000000fee00000, 0x00000000fee00000| Untracked 
|  47|0x00000000fef00000, 0x00000000fef00000, 0x00000000ff000000|  0%| F|  |TAMS 0x00000000fef00000, 0x00000000fef00000| Untracked 
|  48|0x00000000ff000000, 0x00000000ff000000, 0x00000000ff100000|  0%| F|  |TAMS 0x00000000ff000000, 0x00000000ff000000| Untracked 
|  49|0x00000000ff100000, 0x00000000ff100000, 0x00000000ff200000|  0%| F|  |TAMS 0x00000000ff100000, 0x00000000ff100000| Untracked 
|  50|0x00000000ff200000, 0x00000000ff200000, 0x00000000ff300000|  0%| F|  |TAMS 0x00000000ff200000, 0x00000000ff200000| Untracked 
|  51|0x00000000ff300000, 0x00000000ff300000, 0x00000000ff400000|  0%| F|  |TAMS 0x00000000ff300000, 0x00000000ff300000| Untracked 
|  52|0x00000000ff400000, 0x00000000ff400000, 0x00000000ff500000|  0%| F|  |TAMS 0x00000000ff400000, 0x00000000ff400000| Untracked 
|  53|0x00000000ff500000, 0x00000000ff500000, 0x00000000ff600000|  0%| F|  |TAMS 0x00000000ff500000, 0x00000000ff500000| Untracked 
|  54|0x00000000ff600000, 0x00000000ff600000, 0x00000000ff700000|  0%| F|  |TAMS 0x00000000ff600000, 0x00000000ff600000| Untracked 
|  55|0x00000000ff700000, 0x00000000ff700000, 0x00000000ff800000|  0%| F|  |TAMS 0x00000000ff700000, 0x00000000ff700000| Untracked 
|  56|0x00000000ff800000, 0x00000000ff800000, 0x00000000ff900000|  0%| F|  |TAMS 0x00000000ff800000, 0x00000000ff800000| Untracked 
|  57|0x00000000ff900000, 0x00000000ff900000, 0x00000000ffa00000|  0%| F|  |TAMS 0x00000000ff900000, 0x00000000ff900000| Untracked 
|  58|0x00000000ffa00000, 0x00000000ffa00000, 0x00000000ffb00000|  0%| F|  |TAMS 0x00000000ffa00000, 0x00000000ffa00000| Untracked 
|  59|0x00000000ffb00000, 0x00000000ffb00000, 0x00000000ffc00000|  0%| F|  |TAMS 0x00000000ffb00000, 0x00000000ffb00000| Untracked 
|  60|0x00000000ffc00000, 0x00000000ffcd2128, 0x00000000ffd00000| 82%| E|  |TAMS 0x00000000ffc00000, 0x00000000ffc00000| Complete 
|  61|0x00000000ffd00000, 0x00000000ffe00000, 0x00000000ffe00000|100%| E|CS|TAMS 0x00000000ffd00000, 0x00000000ffd00000| Complete 
|  62|0x00000000ffe00000, 0x00000000fff00000, 0x00000000fff00000|100%| E|CS|TAMS 0x00000000ffe00000, 0x00000000ffe00000| Complete 
|  63|0x00000000fff00000, 0x0000000100000000, 0x0000000100000000|100%| E|CS|TAMS 0x00000000fff00000, 0x00000000fff00000| Complete 

Card table byte_map: [0x0000028619870000,0x0000028619890000] _byte_map_base: 0x0000028619090000

Marking Bits (Prev, Next): (CMBitMap*) 0x0000028619790d88, (CMBitMap*) 0x0000028619790dc0
 Prev Bits: [0x0000028633160000, 0x0000028633260000)
 Next Bits: [0x0000028633260000, 0x0000028633360000)

Polling page: 0x0000028619610000

Metaspace:

Usage:
  Non-class:     14.86 MB capacity,    14.62 MB ( 98%) used,   219.83 KB (  1%) free+waste,    25.94 KB ( <1%) overhead. 
      Class:      1.98 MB capacity,     1.87 MB ( 94%) used,   106.95 KB (  5%) free+waste,    12.69 KB ( <1%) overhead. 
       Both:     16.84 MB capacity,    16.49 MB ( 98%) used,   326.77 KB (  2%) free+waste,    38.63 KB ( <1%) overhead. 

Virtual space:
  Non-class space:       16.00 MB reserved,      15.00 MB ( 94%) committed 
      Class space:        1.00 GB reserved,       2.00 MB ( <1%) committed 
             Both:        1.02 GB reserved,      17.00 MB (  2%) committed 

Chunk freelists:
   Non-Class:  15.00 KB
       Class:  18.00 KB
        Both:  33.00 KB

MaxMetaspaceSize: 17179869184.00 GB
CompressedClassSpaceSize: 1.00 GB
Initial GC threshold: 20.80 MB
Current GC threshold: 20.80 MB
CDS: off

CodeHeap 'non-profiled nmethods': size=120000Kb used=565Kb max_used=565Kb free=119434Kb
 bounds [0x000002862b1d0000, 0x000002862b440000, 0x0000028632700000]
CodeHeap 'profiled nmethods': size=120000Kb used=2947Kb max_used=2947Kb free=117052Kb
 bounds [0x0000028623ca0000, 0x0000028623f90000, 0x000002862b1d0000]
CodeHeap 'non-nmethods': size=5760Kb used=1171Kb max_used=1183Kb free=4588Kb
 bounds [0x0000028623700000, 0x0000028623970000, 0x0000028623ca0000]
 total_blobs=1921 nmethods=1482 adapters=352
 compilation: enabled
              stopped_count=0, restarted_count=0
 full_count=0

Compilation events (20 events):
Event: 17.133 Thread 0x00000286365ac000 nmethod 1457 0x0000028623f75910 code [0x0000028623f75ac0, 0x0000028623f75c78]
Event: 17.133 Thread 0x00000286365ac000 1458       3       java.util.regex.Pattern::lambda$Single$8 (11 bytes)
Event: 17.133 Thread 0x00000286365ac000 nmethod 1458 0x0000028623f75d10 code [0x0000028623f75ec0, 0x0000028623f75ff8]
Event: 17.135 Thread 0x00000286365ac000 1459       1       org.gradle.internal.logging.text.AbstractLineChoppingStyledTextOutput$StateContext::access$500 (5 bytes)
Event: 17.135 Thread 0x00000286365ac000 nmethod 1459 0x000002862b25cc90 code [0x000002862b25ce40, 0x000002862b25ced8]
Event: 17.135 Thread 0x00000286365ac000 1460       3       org.gradle.internal.logging.text.AbstractLineChoppingStyledTextOutput$StateContext::isCurrentCharEquals (70 bytes)
Event: 17.136 Thread 0x00000286365ac000 nmethod 1460 0x0000028623f76090 code [0x0000028623f762c0, 0x0000028623f769d8]
Event: 17.136 Thread 0x00000286365ac000 1461       3       org.gradle.internal.logging.text.AbstractLineChoppingStyledTextOutput$StateContext::hasChar (25 bytes)
Event: 17.136 Thread 0x00000286365ac000 nmethod 1461 0x0000028623f76d10 code [0x0000028623f76ec0, 0x0000028623f77038]
Event: 17.136 Thread 0x00000286365ac000 1469       3       org.gradle.internal.logging.text.AbstractLineChoppingStyledTextOutput$2::execute (9 bytes)
Event: 17.136 Thread 0x00000286365ac000 nmethod 1469 0x0000028623f77110 code [0x0000028623f772e0, 0x0000028623f774e8]
Event: 17.136 Thread 0x00000286365ac000 1470       3       org.gradle.internal.logging.text.AbstractLineChoppingStyledTextOutput$2::execute (77 bytes)
Event: 17.137 Thread 0x00000286365ac000 nmethod 1470 0x0000028623f77590 code [0x0000028623f77840, 0x0000028623f78318]
Event: 17.137 Thread 0x00000286365ac000 1462       3       org.gradle.internal.logging.text.AbstractLineChoppingStyledTextOutput$StateContext::setState (10 bytes)
Event: 17.137 Thread 0x00000286365ac000 nmethod 1462 0x0000028623f78810 code [0x0000028623f789c0, 0x0000028623f78b78]
Event: 17.137 Thread 0x00000286365ac000 1463       3       org.gradle.internal.logging.text.AbstractLineChoppingStyledTextOutput::access$402 (7 bytes)
Event: 17.137 Thread 0x00000286365ac000 nmethod 1463 0x0000028623f78c90 code [0x0000028623f78e40, 0x0000028623f78f78]
Event: 17.137 Thread 0x00000286365ac000 1464       3       org.gradle.internal.logging.text.AbstractLineChoppingStyledTextOutput$1::execute (9 bytes)
Event: 17.137 Thread 0x00000286365ac000 nmethod 1464 0x0000028623f79090 code [0x0000028623f79260, 0x0000028623f79468]
Event: 17.137 Thread 0x00000286365ac000 1465       3       org.gradle.internal.logging.text.AbstractLineChoppingStyledTextOutput$1::execute (140 bytes)

GC Heap History (4 events):
Event: 0.786 GC heap before
{Heap before GC invocations=0 (full 0):
 garbage-first heap   total 65536K, used 29696K [0x00000000fc000000, 0x0000000100000000)
  region size 1024K, 24 young (24576K), 0 survivors (0K)
 Metaspace       used 10552K, capacity 10788K, committed 11008K, reserved 1058816K
  class space    used 1057K, capacity 1167K, committed 1280K, reserved 1048576K
}
Event: 0.793 GC heap after
{Heap after GC invocations=1 (full 0):
 garbage-first heap   total 65536K, used 9452K [0x00000000fc000000, 0x0000000100000000)
  region size 1024K, 3 young (3072K), 3 survivors (3072K)
 Metaspace       used 10552K, capacity 10788K, committed 11008K, reserved 1058816K
  class space    used 1057K, capacity 1167K, committed 1280K, reserved 1048576K
}
Event: 1.988 GC heap before
{Heap before GC invocations=1 (full 0):
 garbage-first heap   total 65536K, used 35052K [0x00000000fc000000, 0x0000000100000000)
  region size 1024K, 28 young (28672K), 3 survivors (3072K)
 Metaspace       used 15593K, capacity 15850K, committed 16000K, reserved 1062912K
  class space    used 1773K, capacity 1884K, committed 1920K, reserved 1048576K
}
Event: 1.991 GC heap after
{Heap after GC invocations=2 (full 0):
 garbage-first heap   total 65536K, used 10779K [0x00000000fc000000, 0x0000000100000000)
  region size 1024K, 2 young (2048K), 2 survivors (2048K)
 Metaspace       used 15593K, capacity 15850K, committed 16000K, reserved 1062912K
  class space    used 1773K, capacity 1884K, committed 1920K, reserved 1048576K
}

Deoptimization events (20 events):
Event: 2.000 Thread 0x0000028637561000 Uncommon trap: trap_request=0xffffff4d fr.pc=0x000002862b21986c relative=0x00000000000000cc
Event: 2.000 Thread 0x0000028637561000 Uncommon trap: reason=unstable_if action=reinterpret pc=0x000002862b21986c method=java.lang.String.getBytes([BIB)V @ 5 c2
Event: 2.000 Thread 0x0000028637561000 DEOPT PACKING pc=0x000002862b21986c sp=0x000000febf4fed10
Event: 2.000 Thread 0x0000028637561000 DEOPT UNPACKING pc=0x000002862374a1af sp=0x000000febf4fecd8 mode 2
Event: 2.000 Thread 0x0000028637561000 Uncommon trap: trap_request=0xffffff4d fr.pc=0x000002862b236e40 relative=0x0000000000000380
Event: 2.000 Thread 0x0000028637561000 Uncommon trap: reason=unstable_if action=reinterpret pc=0x000002862b236e40 method=java.lang.AbstractStringBuilder.isLatin1()Z @ 10 c2
Event: 2.000 Thread 0x0000028637561000 DEOPT PACKING pc=0x000002862b236e40 sp=0x000000febf4fee70
Event: 2.000 Thread 0x0000028637561000 DEOPT UNPACKING pc=0x000002862374a1af sp=0x000000febf4fedf0 mode 2
Event: 5.945 Thread 0x0000028637561000 Uncommon trap: trap_request=0xffffff4d fr.pc=0x000002862b1eb01c relative=0x000000000000007c
Event: 5.945 Thread 0x0000028637561000 Uncommon trap: reason=unstable_if action=reinterpret pc=0x000002862b1eb01c method=java.lang.String.codePointAt(I)I @ 4 c2
Event: 5.945 Thread 0x0000028637561000 DEOPT PACKING pc=0x000002862b1eb01c sp=0x000000febf4fedf0
Event: 5.945 Thread 0x0000028637561000 DEOPT UNPACKING pc=0x000002862374a1af sp=0x000000febf4fed88 mode 2
Event: 5.946 Thread 0x000002863729f800 Uncommon trap: trap_request=0xffffff4d fr.pc=0x000002862b2341c4 relative=0x0000000000000e04
Event: 5.946 Thread 0x000002863729f800 Uncommon trap: reason=unstable_if action=reinterpret pc=0x000002862b2341c4 method=java.util.concurrent.ConcurrentHashMap.putVal(Ljava/lang/Object;Ljava/lang/Object;Z)Ljava/lang/Object; @ 97 c2
Event: 5.946 Thread 0x000002863729f800 DEOPT PACKING pc=0x000002862b2341c4 sp=0x000000febfcfe4f0
Event: 5.946 Thread 0x000002863729f800 DEOPT UNPACKING pc=0x000002862374a1af sp=0x000000febfcfe488 mode 2
Event: 17.132 Thread 0x0000028619775800 Uncommon trap: trap_request=0xffffff4d fr.pc=0x000002862b24a38c relative=0x00000000000001cc
Event: 17.132 Thread 0x0000028619775800 Uncommon trap: reason=unstable_if action=reinterpret pc=0x000002862b24a38c method=java.net.URI$Parser.scan(IILjava/lang/String;)I @ 26 c2
Event: 17.132 Thread 0x0000028619775800 DEOPT PACKING pc=0x000002862b24a38c sp=0x000000febe3fc8b0
Event: 17.132 Thread 0x0000028619775800 DEOPT UNPACKING pc=0x000002862374a1af sp=0x000000febe3fc840 mode 2

Classes redefined (0 events):
No events

Internal exceptions (20 events):
Event: 0.189 Thread 0x0000028619775800 Exception <a 'java/lang/NoSuchMethodError'{0x00000000ffc63680}: 'int java.lang.invoke.DirectMethodHandle$Holder.invokeStaticInit(java.lang.Object, java.lang.Object)'> (0x00000000ffc63680) thrown at [./src/hotspot/share/interpreter/linkResolver.cpp, line 773]
Event: 0.249 Thread 0x0000028619775800 Exception <a 'java/lang/NoSuchMethodError'{0x00000000ffb3de28}: 'int java.lang.invoke.DirectMethodHandle$Holder.invokeSpecial(java.lang.Object, java.lang.Object, java.lang.Object, java.lang.Object)'> (0x00000000ffb3de28) thrown at [./src/hotspot/share/interpreter/linkResolver.cpp, line 773]
Event: 0.254 Thread 0x0000028619775800 Exception <a 'java/lang/NoSuchMethodError'{0x00000000ffb76e08}: 'int java.lang.invoke.DirectMethodHandle$Holder.invokeSpecialIFC(java.lang.Object, java.lang.Object, int)'> (0x00000000ffb76e08) thrown at [./src/hotspot/share/interpreter/linkResolver.cpp, line 773]
Event: 0.752 Thread 0x0000028619775800 Implicit null exception at 0x000002862b216cf5 to 0x000002862b216ef0
Event: 0.796 Thread 0x0000028619775800 Exception <a 'java/lang/NoClassDefFoundError'{0x00000000fff076b8}: org/slf4j/impl/StaticMarkerBinder> (0x00000000fff076b8) thrown at [./src/hotspot/share/classfile/systemDictionary.cpp, line 219]
Event: 0.811 Thread 0x0000028619775800 Exception <a 'java/lang/NoSuchMethodError'{0x00000000ffe07c98}: 'java.lang.Object java.lang.invoke.DirectMethodHandle$Holder.invokeVirtual(java.lang.Object, java.lang.Object, java.lang.Object, java.lang.Object, java.lang.Object, java.lang.Object, java.lang.Object)'> (0x00000000ffe07c98) thrown at [./src/hotspot/share/interpreter/linkResolver.cpp, line 773]
Event: 0.813 Thread 0x0000028619775800 Exception <a 'java/lang/NoSuchMethodError'{0x00000000ffe1bfd0}: 'java.lang.Object java.lang.invoke.Invokers$Holder.invoker(java.lang.Object, java.lang.Object, java.lang.Object)'> (0x00000000ffe1bfd0) thrown at [./src/hotspot/share/interpreter/linkResolver.cpp, line 773]
Event: 0.816 Thread 0x0000028619775800 Exception <a 'java/lang/NoSuchMethodError'{0x00000000ffe2cbe8}: 'void java.lang.invoke.DelegatingMethodHandle$Holder.delegate(java.lang.Object, java.lang.Object, int, java.lang.Object)'> (0x00000000ffe2cbe8) thrown at [./src/hotspot/share/interpreter/linkResolver.cpp, line 773]
Event: 0.909 Thread 0x0000028619775800 Exception <a 'java/lang/NoSuchMethodError'{0x00000000ff776d48}: 'java.lang.Object java.lang.invoke.DirectMethodHandle$Holder.invokeInterface(java.lang.Object, java.lang.Object, java.lang.Object)'> (0x00000000ff776d48) thrown at [./src/hotspot/share/interpreter/linkResolver.cpp, line 773]
Event: 0.954 Thread 0x0000028619775800 Exception <a 'java/lang/NoSuchMethodError'{0x00000000ff41a740}: 'java.lang.Object java.lang.invoke.DirectMethodHandle$Holder.invokeStaticInit(java.lang.Object, java.lang.Object, java.lang.Object)'> (0x00000000ff41a740) thrown at [./src/hotspot/share/interpreter/linkResolver.cpp, line 773]
Event: 1.027 Thread 0x0000028619775800 Exception <a 'java/lang/NoSuchMethodError'{0x00000000fee111d0}: 'java.lang.Object java.lang.invoke.DirectMethodHandle$Holder.invokeStaticInit(java.lang.Object, int, int, int, int)'> (0x00000000fee111d0) thrown at [./src/hotspot/share/interpreter/linkResolver.cpp, line 773]
Event: 1.412 Thread 0x0000028619775800 Exception <a 'java/lang/NoSuchMethodError'{0x00000000feee4c00}: 'java.lang.Object java.lang.invoke.DirectMethodHandle$Holder.invokeStaticInit(java.lang.Object, java.lang.Object, int, int, int, int)'> (0x00000000feee4c00) thrown at [./src/hotspot/share/interpreter/linkResolver.cpp, line 773]
Event: 1.982 Thread 0x0000028637561000 Exception <a 'java/lang/NoSuchMethodError'{0x00000000fe490de8}: 'void java.lang.invoke.DirectMethodHandle$Holder.invokeStatic(java.lang.Object, long)'> (0x00000000fe490de8) thrown at [./src/hotspot/share/interpreter/linkResolver.cpp, line 773]
Event: 1.982 Thread 0x0000028637561000 Exception <a 'java/lang/NoSuchMethodError'{0x00000000fe495d50}: 'java.lang.Object java.lang.invoke.DirectMethodHandle$Holder.invokeStatic(java.lang.Object, long)'> (0x00000000fe495d50) thrown at [./src/hotspot/share/interpreter/linkResolver.cpp, line 773]
Event: 1.984 Thread 0x0000028637561000 Exception <a 'java/lang/NoSuchMethodError'{0x00000000fe4a3df0}: 'java.lang.Object java.lang.invoke.DirectMethodHandle$Holder.invokeStaticInit(java.lang.Object, java.lang.Object, long, java.lang.Object)'> (0x00000000fe4a3df0) thrown at [./src/hotspot/share/interpreter/linkResolver.cpp, line 773]
Event: 1.985 Thread 0x0000028637561000 Exception <a 'java/lang/NoSuchMethodError'{0x00000000fe4a9ce0}: 'java.lang.Object java.lang.invoke.DirectMethodHandle$Holder.invokeStatic(java.lang.Object, java.lang.Object, long)'> (0x00000000fe4a9ce0) thrown at [./src/hotspot/share/interpreter/linkResolver.cpp, line 773]
Event: 1.986 Thread 0x0000028637561000 Exception <a 'java/lang/NoSuchMethodError'{0x00000000fe4affb0}: 'java.lang.Object java.lang.invoke.Invokers$Holder.linkToTargetMethod(java.lang.Object, long, java.lang.Object)'> (0x00000000fe4affb0) thrown at [./src/hotspot/share/interpreter/linkResolver.cpp, line 773]
Event: 17.122 Thread 0x0000028619775800 Exception <a 'java/io/IOException'{0x00000000ffd47038}> (0x00000000ffd47038) thrown at [./src/hotspot/share/prims/jni.cpp, line 617]
Event: 17.131 Thread 0x0000028619775800 Exception <a 'java/lang/NoSuchMethodError'{0x00000000ffd90c48}: 'int java.lang.invoke.DirectMethodHandle$Holder.invokeVirtual(java.lang.Object, java.lang.Object)'> (0x00000000ffd90c48) thrown at [./src/hotspot/share/interpreter/linkResolver.cpp, line 773]
Event: 17.133 Thread 0x00000286369c4800 Exception <a 'java/io/IOException'{0x00000000ffed4bc0}> (0x00000000ffed4bc0) thrown at [./src/hotspot/share/prims/jni.cpp, line 617]

Events (20 events):
Event: 17.122 loading class com/google/common/base/ExtraObjectsMethodsForWeb done
Event: 17.123 loading class org/slf4j/helpers/MessageFormatter
Event: 17.123 loading class org/slf4j/helpers/MessageFormatter done
Event: 17.124 loading class org/slf4j/helpers/FormattingTuple
Event: 17.124 loading class org/slf4j/helpers/FormattingTuple done
Event: 17.126 loading class org/gradle/util/internal/LimitedDescription
Event: 17.126 loading class org/gradle/util/internal/LimitedDescription done
Event: 17.129 loading class com/google/common/collect/Lists$ReverseList
Event: 17.129 loading class com/google/common/collect/Lists$ReverseList done
Event: 17.130 loading class com/google/common/collect/Lists$ReverseList$1
Event: 17.130 loading class com/google/common/collect/Lists$ReverseList$1 done
Event: 17.132 loading class org/gradle/internal/logging/ConsoleRenderer
Event: 17.132 loading class org/gradle/internal/logging/ConsoleRenderer done
Event: 17.133 Executing VM operation: RevokeBias
Event: 17.133 Executing VM operation: RevokeBias done
Event: 17.133 Thread 0x00000286369c4800 Thread exited: 0x00000286369c4800
Event: 17.133 loading class org/gradle/internal/remote/internal/inet/SocketConnection$1
Event: 17.133 loading class org/gradle/internal/remote/internal/inet/SocketConnection$1 done
Event: 17.134 loading class java/util/concurrent/ConcurrentLinkedQueue$Itr
Event: 17.135 loading class java/util/concurrent/ConcurrentLinkedQueue$Itr done


Dynamic libraries:
0x00007ff68f410000 - 0x00007ff68f41d000 	C:\Program Files\Eclipse Adoptium\jdk-11.0.16.101-hotspot\bin\java.exe
0x00007ffb42e50000 - 0x00007ffb43048000 	C:\windows\SYSTEM32\ntdll.dll
0x00007ffb42b70000 - 0x00007ffb42c2f000 	C:\windows\System32\KERNEL32.DLL
0x00007ffb408b0000 - 0x00007ffb40b82000 	C:\windows\System32\KERNELBASE.dll
0x00007ffb406c0000 - 0x00007ffb407c0000 	C:\windows\System32\ucrtbase.dll
0x00007ffb1ede0000 - 0x00007ffb1edf5000 	C:\Program Files\Eclipse Adoptium\jdk-11.0.16.101-hotspot\bin\VCRUNTIME140.dll
0x00007ffb07c00000 - 0x00007ffb07c17000 	C:\Program Files\Eclipse Adoptium\jdk-11.0.16.101-hotspot\bin\jli.dll
0x00007ffb40e70000 - 0x00007ffb4100d000 	C:\windows\System32\USER32.dll
0x00007ffb204c0000 - 0x00007ffb2075a000 	C:\windows\WinSxS\amd64_microsoft.windows.common-controls_6595b64144ccf1df_6.0.19041.1110_none_60b5254171f9507e\COMCTL32.dll
0x00007ffb407f0000 - 0x00007ffb40812000 	C:\windows\System32\win32u.dll
0x00007ffb419e0000 - 0x00007ffb41a7e000 	C:\windows\System32\msvcrt.dll
0x00007ffb41a80000 - 0x00007ffb41aab000 	C:\windows\System32\GDI32.dll
0x00007ffb40d60000 - 0x00007ffb40e6f000 	C:\windows\System32\gdi32full.dll
0x00007ffb40520000 - 0x00007ffb405bd000 	C:\windows\System32\msvcp_win.dll
0x00007ffb413d0000 - 0x00007ffb41402000 	C:\windows\System32\IMM32.DLL
0x00007ffaf32b0000 - 0x00007ffaf334b000 	C:\Program Files\Eclipse Adoptium\jdk-11.0.16.101-hotspot\bin\msvcp140.dll
0x00007ffa8de80000 - 0x00007ffa8ea02000 	C:\Program Files\Eclipse Adoptium\jdk-11.0.16.101-hotspot\bin\server\jvm.dll
0x00007ffb415a0000 - 0x00007ffb4164e000 	C:\windows\System32\ADVAPI32.dll
0x00007ffb417e0000 - 0x00007ffb4187c000 	C:\windows\System32\sechost.dll
0x00007ffb41650000 - 0x00007ffb41775000 	C:\windows\System32\RPCRT4.dll
0x00007ffb42120000 - 0x00007ffb42128000 	C:\windows\System32\PSAPI.DLL
0x00007ffb08840000 - 0x00007ffb08849000 	C:\windows\SYSTEM32\WSOCK32.dll
0x00007ffb21c30000 - 0x00007ffb21c57000 	C:\windows\SYSTEM32\WINMM.dll
0x00007ffb35d60000 - 0x00007ffb35d6a000 	C:\windows\SYSTEM32\VERSION.dll
0x00007ffb41b60000 - 0x00007ffb41bcb000 	C:\windows\System32\WS2_32.dll
0x00007ffb3ed30000 - 0x00007ffb3ed42000 	C:\windows\SYSTEM32\kernel.appcore.dll
0x00007ffb3a850000 - 0x00007ffb3a860000 	C:\Program Files\Eclipse Adoptium\jdk-11.0.16.101-hotspot\bin\verify.dll
0x00007ffb3b0c0000 - 0x00007ffb3b2a4000 	C:\windows\SYSTEM32\DBGHELP.DLL
0x00007ffb1c1f0000 - 0x00007ffb1c21c000 	C:\windows\SYSTEM32\dbgcore.DLL
0x00007ffb40820000 - 0x00007ffb408a2000 	C:\windows\System32\bcryptPrimitives.dll
0x00007ffb075b0000 - 0x00007ffb075d8000 	C:\Program Files\Eclipse Adoptium\jdk-11.0.16.101-hotspot\bin\java.dll
0x00007ffb288d0000 - 0x00007ffb288da000 	C:\Program Files\Eclipse Adoptium\jdk-11.0.16.101-hotspot\bin\jimage.dll
0x00007ffb041c0000 - 0x00007ffb041d8000 	C:\Program Files\Eclipse Adoptium\jdk-11.0.16.101-hotspot\bin\zip.dll
0x00007ffb42130000 - 0x00007ffb42873000 	C:\windows\System32\SHELL32.dll
0x00007ffb3e580000 - 0x00007ffb3ed12000 	C:\windows\SYSTEM32\windows.storage.dll
0x00007ffb41070000 - 0x00007ffb413c4000 	C:\windows\System32\combase.dll
0x00007ffb3ff80000 - 0x00007ffb3ffb0000 	C:\windows\SYSTEM32\Wldp.dll
0x00007ffb42990000 - 0x00007ffb42a3d000 	C:\windows\System32\SHCORE.dll
0x00007ffb41530000 - 0x00007ffb41585000 	C:\windows\System32\shlwapi.dll
0x00007ffb40460000 - 0x00007ffb4047f000 	C:\windows\SYSTEM32\profapi.dll
0x00007ffb02db0000 - 0x00007ffb02dc9000 	C:\Program Files\Eclipse Adoptium\jdk-11.0.16.101-hotspot\bin\net.dll
0x00007ffb2c950000 - 0x00007ffb2ca5c000 	C:\windows\SYSTEM32\WINHTTP.dll
0x00007ffb3fcc0000 - 0x00007ffb3fd2a000 	C:\windows\system32\mswsock.dll
0x00007ffb015c0000 - 0x00007ffb015d3000 	C:\Program Files\Eclipse Adoptium\jdk-11.0.16.101-hotspot\bin\nio.dll
0x00007ffafccf0000 - 0x00007ffafcd17000 	C:\Users\Suraj Rao\.gradle\native\e1d6ef7f7dcc3fd88c89a11ec53ec762bb8ba0a96d01ffa2cd45eb1d1d8dd5c5\windows-amd64\native-platform.dll
0x00007ffb28860000 - 0x00007ffb2886a000 	C:\Users\Suraj Rao\.gradle\native\jansi\1.18\windows64\jansi.dll
0x00007ffb16c10000 - 0x00007ffb16c19000 	C:\Program Files\Eclipse Adoptium\jdk-11.0.16.101-hotspot\bin\management.dll
0x00007ffb0d870000 - 0x00007ffb0d87b000 	C:\Program Files\Eclipse Adoptium\jdk-11.0.16.101-hotspot\bin\management_ext.dll
0x00007ffb3fed0000 - 0x00007ffb3fee8000 	C:\windows\SYSTEM32\CRYPTSP.dll
0x00007ffb3f550000 - 0x00007ffb3f584000 	C:\windows\system32\rsaenh.dll
0x00007ffb407c0000 - 0x00007ffb407e7000 	C:\windows\System32\bcrypt.dll
0x00007ffb40420000 - 0x00007ffb4044e000 	C:\windows\SYSTEM32\USERENV.dll
0x00007ffb3fef0000 - 0x00007ffb3fefc000 	C:\windows\SYSTEM32\CRYPTBASE.dll
0x00007ffb3f950000 - 0x00007ffb3f98b000 	C:\windows\SYSTEM32\IPHLPAPI.DLL
0x00007ffb41590000 - 0x00007ffb41598000 	C:\windows\System32\NSI.dll
0x00007ffb35a90000 - 0x00007ffb35aa7000 	C:\windows\SYSTEM32\dhcpcsvc6.DLL
0x00007ffb35a70000 - 0x00007ffb35a8d000 	C:\windows\SYSTEM32\dhcpcsvc.DLL
0x00007ffb3f9a0000 - 0x00007ffb3fa6a000 	C:\windows\SYSTEM32\DNSAPI.dll

dbghelp: loaded successfully - version: 4.0.5 - missing functions: none
symbol engine: initialized successfully - sym options: 0x614 - pdb path: .;C:\Program Files\Eclipse Adoptium\jdk-11.0.16.101-hotspot\bin;C:\windows\SYSTEM32;C:\windows\WinSxS\amd64_microsoft.windows.common-controls_6595b64144ccf1df_6.0.19041.1110_none_60b5254171f9507e;C:\Program Files\Eclipse Adoptium\jdk-11.0.16.101-hotspot\bin\server;C:\Users\Suraj Rao\.gradle\native\e1d6ef7f7dcc3fd88c89a11ec53ec762bb8ba0a96d01ffa2cd45eb1d1d8dd5c5\windows-amd64;C:\Users\Suraj Rao\.gradle\native\jansi\1.18\windows64

VM Arguments:
jvm_args: -Xmx64m -Xms64m -Dorg.gradle.appname=gradlew 
java_command: org.gradle.wrapper.GradleWrapperMain app:installDebug -PreactNativeDevServerPort=8081
java_class_path (initial): X:\Android\AndroidStudioProjects\ConnectTheDots\android\\gradle\wrapper\gradle-wrapper.jar
Launcher Type: SUN_STANDARD

[Global flags]
     intx CICompilerCount                          = 4                                         {product} {ergonomic}
     uint ConcGCThreads                            = 2                                         {product} {ergonomic}
     uint G1ConcRefinementThreads                  = 8                                         {product} {ergonomic}
   size_t G1HeapRegionSize                         = 1048576                                   {product} {ergonomic}
    uintx GCDrainStackTargetSize                   = 64                                        {product} {ergonomic}
   size_t InitialHeapSize                          = 67108864                                  {product} {command line}
   size_t MarkStackSize                            = 4194304                                   {product} {ergonomic}
   size_t MaxHeapSize                              = 67108864                                  {product} {command line}
   size_t MaxNewSize                               = 39845888                                  {product} {ergonomic}
   size_t MinHeapDeltaBytes                        = 1048576                                   {product} {ergonomic}
    uintx NonNMethodCodeHeapSize                   = 5836300                                {pd product} {ergonomic}
    uintx NonProfiledCodeHeapSize                  = 122910970                              {pd product} {ergonomic}
    uintx ProfiledCodeHeapSize                     = 122910970                              {pd product} {ergonomic}
    uintx ReservedCodeCacheSize                    = 251658240                              {pd product} {ergonomic}
     bool SegmentedCodeCache                       = true                                      {product} {ergonomic}
     bool UseCompressedClassPointers               = true                                 {lp64_product} {ergonomic}
     bool UseCompressedOops                        = true                                 {lp64_product} {ergonomic}
     bool UseG1GC                                  = true                                      {product} {ergonomic}
     bool UseLargePagesIndividualAllocation        = false                                  {pd product} {ergonomic}

Logging:
Log output configuration:
 #0: stdout all=warning uptime,level,tags
 #1: stderr all=off uptime,level,tags

Environment Variables:
CLASSPATH=X:\Android\AndroidStudioProjects\ConnectTheDots\android\\gradle\wrapper\gradle-wrapper.jar
PATH=X:\Android\AndroidStudioProjects\ConnectTheDots\android\node_modules\.bin;X:\Android\AndroidStudioProjects\ConnectTheDots\node_modules\.bin;X:\Android\AndroidStudioProjects\node_modules\.bin;X:\Android\node_modules\.bin;X:\node_modules\.bin;C:\Program Files\nodejs;X:\Android\AndroidStudioProjects\ConnectTheDots\node_modules\.bin;X:\Android\AndroidStudioProjects\ConnectTheDots\node_modules\.bin;X:\Android\AndroidStudioProjects\node_modules\.bin;X:\Android\node_modules\.bin;X:\node_modules\.bin;C:\Users\Suraj Rao\AppData\Roaming\npm\node_modules\npm\node_modules\@npmcli\run-script\lib\node-gyp-bin;C:\Program Files\Eclipse Adoptium\jdk-11.0.16.101-hotspot\bin;C:\windows\system32;C:\windows;C:\windows\System32\Wbem;C:\windows\System32\WindowsPowerShell\v1.0\;C:\windows\System32\OpenSSH\;C:\Program Files (x86)\NVIDIA Corporation\PhysX\Common;C:\Program Files\NVIDIA Corporation\NVIDIA NvDLISR;C:\Program Files\MATLAB\R2020b\bin;C:\ProgramData\chocolatey\bin;C:\Program Files\dotnet\;C:\Program Files (x86)\dotnet\;C:\Python310\Lib\site-packages\;C:\Program Files\nodejs\;C:\Program Files\MySQL\MySQL Shell 8.0\bin\;C:\Users\Suraj Rao\AppData\Local\Programs\Python\Python311\Scripts\;C:\Users\Suraj Rao\AppData\Local\Programs\Python\Python311\;C:\Users\Suraj Rao\AppData\Local\Microsoft\WindowsApps;C:\Users\Suraj Rao\AppData\Local\Programs\Microsoft VS Code\bin;C:\Users\Suraj Rao\AppData\Local\atom\bin;C:\msys64\mingw64\bin;C:\Program Files (x86)\Nmap;C:\Users\Suraj Rao\AppData\Local\Packages\PythonSoftwareFoundation.Python.3.9_qbz5n2kfra8p0\LocalCache\local-packages\Python39\Scripts;C:\Python310\Scripts;C:\Users\Suraj Rao\AppData\Roaming\npm;X:\Android\Sdk\platform-tools;
USERNAME=Suraj Rao
OS=Windows_NT
PROCESSOR_IDENTIFIER=Intel64 Family 6 Model 165 Stepping 2, GenuineIntel
TMP=C:\Users\SURAJR~1\AppData\Local\Temp
TEMP=C:\Users\SURAJR~1\AppData\Local\Temp



---------------  S Y S T E M  ---------------

OS: Windows 10 , 64 bit Build 19041 (10.0.19041.2251)
OS uptime: 2 days 7:01 hours
Hyper-V role detected

CPU:total 8 (initial active 8) (4 cores per cpu, 2 threads per core) family 6 model 165 stepping 2 microcode 0xe0, cmov, cx8, fxsr, mmx, sse, sse2, sse3, ssse3, sse4.1, sse4.2, popcnt, avx, avx2, aes, clmul, erms, 3dnowpref, lzcnt, ht, tsc, tscinvbit, bmi1, bmi2, adx, fma

Memory: 4k page, system-wide physical 7963M (899M free)
TotalPageFile size 32539M (AvailPageFile size 368M)
current process WorkingSet (physical memory assigned to process): 97M, peak: 100M
current process commit charge ("private bytes"): 164M, peak: 166M

vm_info: OpenJDK 64-Bit Server VM (11.0.16.1+1) for windows-amd64 JRE (11.0.16.1+1), built on Aug 16 2022 02:58:04 by "" with MS VC++ 15.9 (VS2017)

END.
